PRT1
219
496
4 0 13 (-1024 5748.819824 -15.737700 ) (-1024 5358.110352 -15.737700 ) (-1024 5358.110352 1383.869995 ) (-1024 5748.819824 1383.869995 ) 
4 0 2 (-704 5358.110352 515.146973 ) (-704 5358.110352 1383.869995 ) (-1024 5358.110352 1383.869995 ) (-1024 5358.110352 515.146973 ) 
4 0 1 (-704 5358.110352 -15.737700 ) (-397.577332 5358.110352 -15.737700 ) (-397.577332 5358.110352 1383.869995 ) (-704 5358.110352 1383.869995 ) 
4 1 5 (-704 5120 -15.737700 ) (-397.577332 5120 -15.737700 ) (-397.577332 5120 1383.869995 ) (-704 5120 1383.869995 ) 
4 1 2 (-704 5358.110352 1383.869995 ) (-704 5358.110352 515.146973 ) (-704 5120 515.146973 ) (-704 5120 1383.869995 ) 
4 2 14 (-1024 5120 515.146973 ) (-1024 5120 1383.869995 ) (-1024 5358.110352 1383.869995 ) (-1024 5358.110352 515.146973 ) 
4 2 6 (-1024 5120 1383.869995 ) (-1024 5120 515.146973 ) (-704 5120 515.146973 ) (-704 5120 1383.869995 ) 
4 3 15 (-1024 5120 273.835999 ) (-1024 5120 466.885010 ) (-1024 5307.870117 466.885010 ) (-1024 5307.870117 273.835999 ) 
4 3 7 (-1024 5120 466.885010 ) (-1024 5120 273.835999 ) (-768 5120 273.835999 ) (-768 5120 466.885010 ) 
4 4 16 (-1024 5120 -15.737700 ) (-1024 5120 225.574020 ) (-1024 5307.870117 225.574020 ) (-1024 5307.870117 -15.737700 ) 
4 4 8 (-1024 5120 225.574020 ) (-1024 5120 -15.737700 ) (-768 5120 -15.737700 ) (-768 5120 225.574020 ) 
4 5 56 (-397.577332 4096 1383.869995 ) (-704 4096 1383.869995 ) (-704 4096 -15.737700 ) (-397.577332 4096 -15.737700 ) 
4 5 10 (-704 4096 466.885010 ) (-704 4096 1383.869995 ) (-704 4453.850586 1383.869995 ) (-704 4453.850586 466.885010 ) 
4 5 6 (-704 4453.850586 1383.869995 ) (-704 5120 1383.869995 ) (-704 5120 515.146973 ) (-704 4453.850586 515.146973 ) 
4 6 22 (-1024 4453.850586 515.146973 ) (-1024 4453.850586 1383.869995 ) (-1024 5120 1383.869995 ) (-1024 5120 515.146973 ) 
4 6 12 (-768 4453.850586 1383.869995 ) (-1024 4453.850586 1383.869995 ) (-1024 4453.850586 515.146973 ) (-768 4453.850586 515.146973 ) 
4 6 10 (-704 4453.850586 515.146973 ) (-704 4453.850586 1383.869995 ) (-768 4453.850586 1383.869995 ) (-768 4453.850586 515.146973 ) 
4 7 23 (-1024 4705.030273 466.885010 ) (-1024 5120 466.885010 ) (-1024 5120 273.835999 ) (-1024 4705.030273 273.835999 ) 
4 8 26 (-1024 4504.089844 225.574020 ) (-1024 5120 225.574020 ) (-1024 5120 -15.737700 ) (-1024 4504.089844 -15.737700 ) 
4 8 9 (-1024 4504.089844 -15.737700 ) (-768 4504.089844 -15.737700 ) (-768 4504.089844 129.048996 ) (-1024 4504.089844 129.048996 ) 
4 9 12 (-1024 4453.850586 129.048996 ) (-1024 4453.850586 -15.737700 ) (-768 4453.850586 -15.737700 ) (-768 4453.850586 129.048996 ) 
4 10 57 (-704 4096 466.885010 ) (-704 4096 1383.869995 ) (-768 4096 1383.869995 ) (-768 4096 466.885010 ) 
4 10 12 (-768 4453.850586 1383.869995 ) (-768 4453.850586 466.885010 ) (-768 4096 466.885010 ) (-768 4096 1383.869995 ) 
4 11 60 (-1024 4096 44.545776 ) (-1024 4096 -15.737700 ) (-768 4096 -15.737700 ) (-768 4096 44.545773 ) 
4 12 61 (-1024 4096 225.574020 ) (-1024 4096 92.807983 ) (-768 4096 92.807907 ) (-768 4096 225.574020 ) 
4 12 58 (-1024 4096 1383.869995 ) (-1024 4096 225.574020 ) (-768 4096 225.574020 ) (-768 4096 1383.869995 ) 
4 12 29 (-1024 4096 466.885010 ) (-1024 4096 1383.869995 ) (-1024 4453.850586 1383.869995 ) (-1024 4453.850586 466.885010 ) 
4 13 17 (-2048 5748.819824 -15.737700 ) (-2048 5358.110352 -15.737700 ) (-2048 5358.110352 1383.869995 ) (-2048 5748.819824 1383.869995 ) 
4 13 14 (-2048 5358.110352 1383.869995 ) (-2048 5358.110352 515.146973 ) (-1024 5358.110352 515.146973 ) (-1024 5358.110352 1383.869995 ) 
4 14 22 (-1024 5120 515.146973 ) (-1024 5120 1383.869995 ) (-2048 5120 1383.869995 ) (-2048 5120 515.146973 ) 
4 14 18 (-2048 5120 515.146973 ) (-2048 5120 1383.869995 ) (-2048 5358.110352 1383.869995 ) (-2048 5358.110352 515.146973 ) 
4 15 25 (-1600 5120 466.885010 ) (-2048 5120 466.885010 ) (-2048 5120 273.835999 ) (-1600 5120 273.835999 ) 
4 15 23 (-1024 5120 273.835999 ) (-1024 5120 466.885010 ) (-1280 5120 466.885010 ) (-1280 5120 273.835999 ) 
4 15 24 (-1280 5120 466.885010 ) (-1600 5120 466.885010 ) (-1600 5120 273.835999 ) (-1280 5120 273.835999 ) 
4 15 19 (-2048 5120 273.835999 ) (-2048 5120 466.885010 ) (-2048 5307.870117 466.885010 ) (-2048 5307.870117 273.835999 ) 
4 16 27 (-1984 5120 225.574020 ) (-2048 5120 225.574020 ) (-2048 5120 -15.737700 ) (-1984 5120 -15.737700 ) 
4 16 26 (-1024 5120 -15.737700 ) (-1024 5120 225.574020 ) (-1984 5120 225.574020 ) (-1984 5120 -15.737700 ) 
4 16 20 (-2048 5307.870117 -15.737700 ) (-2048 5120 -15.737700 ) (-2048 5120 225.574020 ) (-2048 5307.870117 225.574020 ) 
4 17 124 (-3072 5748.819824 -15.737700 ) (-3072 5358.110352 -15.737700 ) (-3072 5358.110352 1383.869995 ) (-3072 5748.819824 1383.869995 ) 
4 17 21 (-3072 5358.110352 -15.737700 ) (-2304 5358.110352 -15.737700 ) (-2304 5358.110352 1383.869995 ) (-3072 5358.110352 1383.869995 ) 
4 17 18 (-2048 5358.110352 515.146973 ) (-2048 5358.110352 1383.869995 ) (-2304 5358.110352 1383.869995 ) (-2304 5358.110352 515.146973 ) 
4 18 35 (-2048 5120 515.146973 ) (-2048 5120 1383.869995 ) (-2304 5120 1383.869995 ) (-2304 5120 515.146973 ) 
4 18 21 (-2304 5358.110352 1383.869995 ) (-2304 5358.110352 515.146973 ) (-2304 5120 515.146973 ) (-2304 5120 1383.869995 ) 
4 19 38 (-2048 5120 273.835999 ) (-2048 5120 466.885010 ) (-2240 5120 466.885010 ) (-2240 5120 273.835999 ) 
4 20 49 (-2240 5120 -15.737700 ) (-2048 5120 -15.737700 ) (-2048 5120 225.574020 ) (-2240 5120 225.574020 ) 
4 21 124 (-3072 5120 -15.737700 ) (-3072 5120 1383.869995 ) (-3072 5358.110352 1383.869995 ) (-3072 5358.110352 -15.737700 ) 
4 21 53 (-2368 5120 -15.737700 ) (-2304 5120 -15.737700 ) (-2304 5120 225.574020 ) (-2368 5120 225.574020 ) 
4 21 54 (-3072 5120 225.574020 ) (-3072 5120 -15.737700 ) (-2368 5120 -15.737700 ) (-2368 5120 225.574020 ) 
4 21 48 (-3072 5120 273.835999 ) (-3072 5120 225.574020 ) (-2304 5120 225.574020 ) (-2304 5120 273.835999 ) 
4 21 39 (-3072 5120 466.885010 ) (-3072 5120 273.835999 ) (-2304 5120 273.835999 ) (-2304 5120 466.885010 ) 
4 21 37 (-3072 5120 515.146973 ) (-3072 5120 466.885010 ) (-2304 5120 466.885010 ) (-2304 5120 515.146973 ) 
4 21 35 (-3072 5120 1383.869995 ) (-3072 5120 515.146973 ) (-2304 5120 515.146973 ) (-2304 5120 1383.869995 ) 
4 22 35 (-2048 5120 1383.869995 ) (-2048 5120 515.146973 ) (-2048 4453.850586 515.146973 ) (-2048 4453.850586 1383.869995 ) 
4 22 29 (-1024 4453.850586 515.146973 ) (-1024 4453.850586 1383.869995 ) (-2048 4453.850586 1383.869995 ) (-2048 4453.850586 515.146973 ) 
4 23 24 (-1280 5120 273.835999 ) (-1280 4705.030273 273.835999 ) (-1280 4705.030273 466.885010 ) (-1280 5120 466.885010 ) 
4 24 30 (-1280 4453.850586 466.885010 ) (-1600 4453.850586 466.885010 ) (-1600 4453.850586 273.835999 ) (-1280 4453.850586 273.835999 ) 
4 24 25 (-1600 5120 273.835999 ) (-1600 4504.089844 273.835999 ) (-1600 4504.089844 466.885010 ) (-1600 5120 466.885010 ) 
4 25 42 (-2048 4654.790039 273.835999 ) (-2048 4504.089844 273.835999 ) (-2048 4504.089844 466.885010 ) (-2048 4654.790039 466.885010 ) 
4 25 41 (-2048 4805.500000 273.835999 ) (-2048 4654.790039 273.835999 ) (-2048 4654.790039 322.097992 ) (-2048 4805.500000 322.097992 ) 
4 25 40 (-2048 4654.790039 322.097992 ) (-2048 4654.790039 466.885010 ) (-2048 4805.500000 466.885010 ) (-2048 4805.500000 322.097992 ) 
4 25 38 (-2048 5120 466.885010 ) (-2048 5120 273.835999 ) (-2048 4805.500000 273.835999 ) (-2048 4805.500000 466.885010 ) 
4 26 27 (-1984 5120 -15.737700 ) (-1984 4504.089844 -15.737700 ) (-1984 4504.089844 225.574020 ) (-1984 5120 225.574020 ) 
4 27 49 (-2048 5120 225.574020 ) (-2048 5120 -15.737700 ) (-2048 4504.089844 -15.737700 ) (-2048 4504.089844 225.574020 ) 
4 27 28 (-2048 4504.089844 -15.737700 ) (-1984 4504.089844 -15.737700 ) (-1984 4504.089844 129.048996 ) (-2048 4504.089844 129.048996 ) 
4 28 50 (-2048 4504.089844 -15.737700 ) (-2048 4453.850586 -15.737700 ) (-2048 4453.850586 129.048996 ) (-2048 4504.089844 129.048996 ) 
4 28 34 (-2048 4453.850586 129.048996 ) (-2048 4453.850586 -15.737700 ) (-1984 4453.850586 -15.737700 ) (-1984 4453.850586 129.048996 ) 
4 29 70 (-1024 4096 466.885010 ) (-1024 4096 1383.869995 ) (-2048 4096 1383.869995 ) (-2048 4096 466.885010 ) 
4 29 36 (-2048 4096 466.885010 ) (-2048 4096 515.146973 ) (-2048 4453.850586 515.146973 ) (-2048 4453.850586 466.885010 ) 
4 29 35 (-2048 4096 515.146973 ) (-2048 4096 1383.869995 ) (-2048 4453.850586 1383.869995 ) (-2048 4453.850586 515.146973 ) 
4 29 31 (-1088 4096 466.885010 ) (-1728 4096 466.885010 ) (-1728 4202.669922 466.885010 ) (-1088 4202.669922 466.885010 ) 
4 29 32 (-1792 4096 466.885010 ) (-2048 4096 466.885010 ) (-2048 4202.669922 466.885010 ) (-1792 4202.669922 466.885010 ) 
4 29 30 (-2048 4252.899902 466.885010 ) (-2048 4453.850586 466.885010 ) (-1088 4453.850586 466.885010 ) (-1088 4252.899902 466.885010 ) 
4 30 43 (-2048 4252.899902 466.885010 ) (-2048 4453.850586 466.885010 ) (-2048 4453.850586 273.835999 ) (-2048 4252.899902 273.835999 ) 
4 31 76 (-1408 4096 466.885010 ) (-1472 4096 466.885010 ) (-1472 4096 273.835999 ) (-1408 4096 273.835999 ) 
4 31 77 (-1472 4096 466.885010 ) (-1728 4096 466.885010 ) (-1728 4096 273.835999 ) (-1472 4096 273.835999 ) 
4 31 73 (-1280 4096 466.885010 ) (-1408 4096 466.885010 ) (-1408 4096 273.835999 ) (-1280 4096 273.835999 ) 
4 31 71 (-1088 4096 466.885010 ) (-1280 4096 466.885010 ) (-1280 4096 273.835999 ) (-1088 4096 273.835999 ) 
4 32 79 (-1792 4096 466.885010 ) (-2048 4096 466.885010 ) (-2048 4096 273.835999 ) (-1792 4096 273.835999 ) 
4 32 44 (-2048 4096 273.835999 ) (-2048 4096 466.885010 ) (-2048 4202.669922 466.885010 ) (-2048 4202.669922 273.835999 ) 
4 33 81 (-1600 4096 -15.737700 ) (-1088 4096 -15.737700 ) (-1088 4096 225.574020 ) (-1600 4096 225.574020 ) 
4 34 82 (-2048 4096 225.574020 ) (-2048 4096 -15.737700 ) (-1664 4096 -15.737700 ) (-1664 4096 225.574020 ) 
4 34 51 (-2048 4096 -15.737700 ) (-2048 4096 225.574020 ) (-2048 4453.850586 225.574020 ) (-2048 4453.850586 -15.737700 ) 
4 35 126 (-3072 4096 515.146973 ) (-3072 4096 1383.869995 ) (-3072 5120 1383.869995 ) (-3072 5120 515.146973 ) 
4 35 84 (-2048 4096 515.146973 ) (-2048 4096 1383.869995 ) (-3072 4096 1383.869995 ) (-3072 4096 515.146973 ) 
4 35 36 (-2048 4453.850586 515.146973 ) (-2048 4096 515.146973 ) (-2304 4096 515.146973 ) (-2304 4453.850586 515.146973 ) 
4 35 37 (-3072 4096 515.146973 ) (-3072 5120 515.146973 ) (-2304 5120 515.146973 ) (-2304 4096 515.146973 ) 
4 36 84 (-2048 4096 466.885010 ) (-2048 4096 515.146973 ) (-2304 4096 515.146973 ) (-2304 4096 466.885010 ) 
4 36 43 (-2304 4252.899902 466.885010 ) (-2304 4453.850586 466.885010 ) (-2048 4453.850586 466.885010 ) (-2048 4252.899902 466.885010 ) 
4 36 44 (-2048 4096 466.885010 ) (-2304 4096 466.885010 ) (-2304 4202.669922 466.885010 ) (-2048 4202.669922 466.885010 ) 
4 36 37 (-2304 4453.850586 466.885010 ) (-2304 4096 466.885010 ) (-2304 4096 515.146973 ) (-2304 4453.850586 515.146973 ) 
4 37 126 (-3072 4096 466.885010 ) (-3072 4096 515.146973 ) (-3072 5120 515.146973 ) (-3072 5120 466.885010 ) 
4 37 84 (-2304 4096 515.146973 ) (-3072 4096 515.146973 ) (-3072 4096 466.885010 ) (-2304 4096 466.885010 ) 
4 37 46 (-3072 4650.870117 466.885010 ) (-3072 4654.790039 466.885010 ) (-2944 4654.790039 466.885010 ) (-2944 4650.870117 466.885010 ) 
4 37 47 (-2944 4096 466.885010 ) (-3072 4096 466.885010 ) (-3072 4650.870117 466.885010 ) (-2944 4650.870117 466.885010 ) 
4 37 45 (-2304 4096 466.885010 ) (-2880 4096 466.885010 ) (-2880 4604.560059 466.885010 ) (-2304 4604.560059 466.885010 ) 
4 37 40 (-3072 4654.790039 466.885010 ) (-3072 4805.500000 466.885010 ) (-2304 4805.500000 466.885010 ) (-2304 4654.790039 466.885010 ) 
4 37 39 (-3072 4855.740234 466.885010 ) (-3072 5120 466.885010 ) (-2304 5120 466.885010 ) (-2304 4855.740234 466.885010 ) 
4 38 41 (-2240 4805.500000 273.835999 ) (-2048 4805.500000 273.835999 ) (-2048 4805.500000 322.097992 ) (-2240 4805.500000 322.097992 ) 
4 38 40 (-2048 4805.500000 322.097992 ) (-2048 4805.500000 466.885010 ) (-2240 4805.500000 466.885010 ) (-2240 4805.500000 322.097992 ) 
4 39 127 (-3072 4855.740234 466.885010 ) (-3072 5120 466.885010 ) (-3072 5120 273.835999 ) (-3072 4855.740234 273.835999 ) 
4 39 48 (-3072 4855.740234 273.835999 ) (-3072 5120 273.835999 ) (-2304 5120 273.835999 ) (-2304 4855.740234 273.835999 ) 
4 40 128 (-3072 4654.790039 466.885010 ) (-3072 4805.500000 466.885010 ) (-3072 4805.500000 322.097992 ) (-3072 4654.790039 322.097992 ) 
4 40 46 (-2944 4654.790039 466.885010 ) (-3072 4654.790039 466.885010 ) (-3072 4654.790039 350 ) (-2944 4654.790039 350 ) 
4 40 42 (-2048 4654.790039 322.097992 ) (-2048 4654.790039 466.885010 ) (-2240 4654.790039 466.885010 ) (-2240 4654.790039 322.097992 ) 
4 40 41 (-2048 4654.790039 322.097992 ) (-2368 4654.790039 322.097992 ) (-2368 4805.500000 322.097992 ) (-2048 4805.500000 322.097992 ) 
4 41 42 (-2240 4654.790039 273.835999 ) (-2048 4654.790039 273.835999 ) (-2048 4654.790039 322.097992 ) (-2240 4654.790039 322.097992 ) 
4 43 45 (-2304 4453.850586 273.835999 ) (-2304 4252.899902 273.835999 ) (-2304 4252.899902 466.885010 ) (-2304 4453.850586 466.885010 ) 
4 44 85 (-2048 4096 273.835999 ) (-2048 4096 466.885010 ) (-2304 4096 466.885010 ) (-2304 4096 273.835999 ) 
4 44 45 (-2304 4202.669922 273.835999 ) (-2304 4096 273.835999 ) (-2304 4096 466.885010 ) (-2304 4202.669922 466.885010 ) 
4 45 88 (-2432 4096 466.885010 ) (-2880 4096 466.885010 ) (-2880 4096 273.835999 ) (-2432 4096 273.835999 ) 
4 45 86 (-2304 4096 466.885010 ) (-2432 4096 466.885010 ) (-2432 4096 273.835999 ) (-2304 4096 273.835999 ) 
4 46 129 (-3072 4650.870117 466.885010 ) (-3072 4654.790039 466.885010 ) (-3072 4654.790039 350 ) (-3072 4650.870117 350 ) 
4 46 47 (-2944 4650.870117 350 ) (-2944 4650.870117 466.885010 ) (-3072 4650.870117 466.885010 ) (-3072 4650.870117 350 ) 
4 47 130 (-3072 4096 273.835999 ) (-3072 4096 466.885010 ) (-3072 4650.870117 466.885010 ) (-3072 4650.870117 273.835999 ) 
4 47 89 (-2944 4096 466.885010 ) (-3072 4096 466.885010 ) (-3072 4096 273.835999 ) (-2944 4096 273.835999 ) 
4 48 131 (-3072 4855.740234 273.835999 ) (-3072 5120 273.835999 ) (-3072 5120 225.574020 ) (-3072 4855.740234 225.574020 ) 
4 48 53 (-2368 5120 225.574020 ) (-2304 5120 225.574020 ) (-2304 4855.740234 225.574020 ) (-2368 4855.740234 225.574020 ) 
4 48 54 (-3072 4855.740234 225.574020 ) (-3072 5120 225.574020 ) (-2368 5120 225.574020 ) (-2368 4855.740234 225.574020 ) 
4 49 50 (-2240 4504.089844 129.048996 ) (-2240 4504.089844 -15.737700 ) (-2048 4504.089844 -15.737700 ) (-2048 4504.089844 129.048996 ) 
4 50 51 (-2240 4453.850586 129.048996 ) (-2240 4453.850586 -15.737700 ) (-2048 4453.850586 -15.737700 ) (-2048 4453.850586 129.048996 ) 
4 51 92 (-2048 4096 -15.737700 ) (-2048 4096 129.048996 ) (-2240 4096 129.048996 ) (-2240 4096 -15.737700 ) 
4 51 91 (-2048 4096 129.048996 ) (-2048 4096 225.574020 ) (-2240 4096 225.574020 ) (-2240 4096 129.048996 ) 
4 51 52 (-2240 4453.850586 -15.737700 ) (-2240 4096 -15.737700 ) (-2240 4096 225.574020 ) (-2240 4453.850586 225.574020 ) 
4 52 92 (-2304 4096 129.048996 ) (-2304 4096 -15.737700 ) (-2240 4096 -15.737700 ) (-2240 4096 129.048996 ) 
4 52 91 (-2240 4096 225.574020 ) (-2304 4096 225.574020 ) (-2304 4096 129.048996 ) (-2240 4096 129.048996 ) 
4 52 55 (-2304 4152.430664 -15.737700 ) (-2304 4096 -15.737700 ) (-2304 4096 225.574020 ) (-2304 4152.430664 225.574020 ) 
4 53 54 (-2368 5120 -15.737700 ) (-2368 4504.089844 -15.737700 ) (-2368 4504.089844 225.574020 ) (-2368 5120 225.574020 ) 
4 54 139 (-3072 4202.669922 225.574020 ) (-3072 5120 225.574020 ) (-3072 5120 -15.737700 ) (-3072 4202.669922 -15.737700 ) 
4 55 140 (-3072 4096 -15.737700 ) (-3072 4096 225.574020 ) (-3072 4152.430664 225.574020 ) (-3072 4152.430664 -15.737700 ) 
4 55 93 (-2304 4096 225.574020 ) (-3072 4096 225.574020 ) (-3072 4096 -15.737700 ) (-2304 4096 -15.737700 ) 
4 56 62 (-397.577332 3072 1383.869995 ) (-704 3072 1383.869995 ) (-704 3072 -15.737700 ) (-397.577332 3072 -15.737700 ) 
4 56 57 (-704 3072 466.885010 ) (-704 3072 1383.869995 ) (-704 4096 1383.869995 ) (-704 4096 466.885010 ) 
4 57 63 (-704 3072 1383.869995 ) (-768 3072 1383.869995 ) (-768 3072 466.885010 ) (-704 3072 466.885010 ) 
3 57 59 (-768 3072 466.885010 ) (-768 3072 629.404785 ) (-768 3382.140137 466.885010 ) 
5 57 58 (-768 3072 629.404785 ) (-768 3072 1383.869995 ) (-768 4096 1383.869995 ) (-768 4096 466.885010 ) (-768 3382.140137 466.885010 ) 
5 58 70 (-1024 3072 629.404907 ) (-1024 3072 1383.869995 ) (-1024 4096 1383.869995 ) (-1024 4096 466.885010 ) (-1024 3382.140381 466.885010 ) 
4 58 65 (-1024 3072 1383.869995 ) (-1024 3072 629.404907 ) (-768 3072 629.404907 ) (-768 3072 1383.869995 ) 
4 58 61 (-1024 3842.639648 225.574020 ) (-1024 4096 225.574020 ) (-768 4096 225.574020 ) (-768 3842.639648 225.574020 ) 
4 58 59 (-768 3750.544922 273.835999 ) (-768 3072 629.407166 ) (-1024 3072 629.407166 ) (-1024 3750.545166 273.835999 ) 
3 59 70 (-1024 3072 466.885010 ) (-1024 3072 629.404907 ) (-1024 3382.140381 466.885010 ) 
4 59 65 (-1024 3072 629.404907 ) (-1024 3072 273.835999 ) (-768 3072 273.835999 ) (-768 3072 629.404907 ) 
4 60 68 (-1024 3072 225.574020 ) (-1024 3072 -15.737700 ) (-768 3072 -15.737700 ) (-768 3072 225.574020 ) 
4 62 121 (-397.577332 2048 1383.869995 ) (-704 2048 1383.869995 ) (-704 2048 -15.737700 ) (-397.577332 2048 -15.737700 ) 
4 62 63 (-704 2846.280029 466.885010 ) (-704 2846.280029 1383.869995 ) (-704 3072 1383.869995 ) (-704 3072 466.885010 ) 
4 62 64 (-704 2846.280029 -15.737700 ) (-704 2048 -15.737700 ) (-704 2048 1383.869995 ) (-704 2846.280029 1383.869995 ) 
4 63 66 (-768 2896.520264 466.885010 ) (-768 2846.280029 466.885010 ) (-768 2846.280029 1383.869995 ) (-768 2896.520264 1383.869995 ) 
4 63 65 (-768 3072 1383.869995 ) (-768 3072 466.885010 ) (-768 2896.520264 466.885010 ) (-768 2896.520264 1383.869995 ) 
4 63 64 (-704 2846.280029 466.885010 ) (-704 2846.280029 1383.869995 ) (-768 2846.280029 1383.869995 ) (-768 2846.280029 466.885010 ) 
4 64 121 (-704 2048 1383.869995 ) (-768 2048 1383.869995 ) (-768 2048 -15.737700 ) (-704 2048 -15.737700 ) 
4 64 69 (-768 2846.280029 -15.737700 ) (-768 2048 -15.737700 ) (-768 2048 273.835999 ) (-768 2846.280029 273.835999 ) 
4 64 67 (-768 2048 273.835999 ) (-768 2048 1383.869995 ) (-768 2846.280029 1383.869995 ) (-768 2846.280029 273.835999 ) 
4 65 100 (-1024 3047.229980 466.885010 ) (-1024 3047.229980 273.835999 ) (-1024 2896.520264 273.835999 ) (-1024 2896.520264 466.885010 ) 
4 65 99 (-1024 2896.520264 1383.869995 ) (-1024 3047.229980 1383.869995 ) (-1024 3047.229980 466.885010 ) (-1024 2896.520264 466.885010 ) 
4 65 96 (-1024 3047.229980 1383.869995 ) (-1024 3072 1383.869995 ) (-1024 3072 466.885010 ) (-1024 3047.229980 466.885010 ) 
4 65 66 (-768 2896.520264 466.885010 ) (-768 2896.520264 1383.869995 ) (-1024 2896.520264 1383.869995 ) (-1024 2896.520264 466.885010 ) 
4 66 99 (-1024 2846.280029 1383.869995 ) (-1024 2896.520264 1383.869995 ) (-1024 2896.520264 466.885010 ) (-1024 2846.280029 466.885010 ) 
4 66 67 (-768 2846.280029 466.885010 ) (-768 2846.280029 1383.869995 ) (-1024 2846.280029 1383.869995 ) (-1024 2846.280029 466.885010 ) 
4 67 121 (-1024 2048 1383.869995 ) (-1024 2048 273.835999 ) (-768 2048 273.835999 ) (-768 2048 1383.869995 ) 
4 67 108 (-1024 2048 273.835999 ) (-1024 2048 466.885010 ) (-1024 2243.439941 466.885010 ) (-1024 2243.439941 273.835999 ) 
4 67 103 (-1024 2243.439941 466.885010 ) (-1024 2846.280029 466.885010 ) (-1024 2846.280029 273.835999 ) (-1024 2243.439941 273.835999 ) 
4 67 99 (-1024 2048 466.885010 ) (-1024 2048 1383.869995 ) (-1024 2846.280029 1383.869995 ) (-1024 2846.280029 466.885010 ) 
4 67 69 (-768 2846.280029 273.835999 ) (-768 2048 273.835999 ) (-1024 2048 273.835999 ) (-1024 2846.280029 273.835999 ) 
4 68 69 (-1024 3047.229980 -15.737700 ) (-768 3047.229980 -15.737700 ) (-768 3047.229980 129.049011 ) (-1024 3047.229980 129.048996 ) 
4 69 121 (-1024 2048 273.835999 ) (-1024 2048 -15.737700 ) (-768 2048 -15.737700 ) (-768 2048 273.835999 ) 
4 69 108 (-1024 2048 -15.737700 ) (-1024 2048 273.835999 ) (-1024 2243.439941 273.835999 ) (-1024 2243.439941 -15.737700 ) 
4 69 107 (-1024 2243.439941 273.835999 ) (-1024 2846.280029 273.835999 ) (-1024 2846.280029 -15.737700 ) (-1024 2243.439941 -15.737700 ) 
4 69 105 (-1024 2846.280029 273.835999 ) (-1024 3047.229980 129.048996 ) (-1024 3047.229980 -15.737700 ) (-1024 2846.280029 -15.737700 ) 
4 70 96 (-1024 3072 466.885010 ) (-1024 3072 1383.869995 ) (-2048 3072 1383.869995 ) (-2048 3072 466.885010 ) 
4 70 84 (-2048 3072 466.885010 ) (-2048 3072 1383.869995 ) (-2048 4096 1383.869995 ) (-2048 4096 466.885010 ) 
4 70 79 (-2048 3097.459961 466.885010 ) (-2048 4096 466.885010 ) (-1792 4096 466.885010 ) (-1792 3097.459961 466.885010 ) 
4 70 76 (-1472 4096 466.885010 ) (-1408 4096 466.885010 ) (-1408 3348.640137 466.885010 ) (-1472 3348.640137 466.885010 ) 
4 70 77 (-1728 4096 466.885010 ) (-1472 4096 466.885010 ) (-1472 3097.459961 466.885010 ) (-1728 3097.459961 466.885010 ) 
4 70 73 (-1408 4096 466.885010 ) (-1280 4096 466.885010 ) (-1280 3348.640137 466.885010 ) (-1408 3348.640137 466.885010 ) 
4 70 75 (-1280 3298.409912 466.885010 ) (-1280 3097.459961 466.885010 ) (-1408 3097.459961 466.885010 ) (-1408 3298.409912 466.885010 ) 
4 70 71 (-1280 4096 466.885010 ) (-1088 4096 466.885010 ) (-1088 3348.640137 466.885010 ) (-1280 3348.640137 466.885010 ) 
4 70 72 (-1088 3298.409912 466.885010 ) (-1088 3097.459961 466.885010 ) (-1280 3097.459961 466.885010 ) (-1280 3298.409912 466.885010 ) 
4 71 73 (-1280 4096 273.835999 ) (-1280 3348.640137 273.835999 ) (-1280 3348.640137 466.885010 ) (-1280 4096 466.885010 ) 
4 72 75 (-1280 3298.409912 273.835999 ) (-1280 3097.459961 273.835999 ) (-1280 3097.459961 466.885010 ) (-1280 3298.409912 466.885010 ) 
4 73 76 (-1408 4096 273.835999 ) (-1408 3348.640137 273.835999 ) (-1408 3348.640137 466.885010 ) (-1408 4096 466.885010 ) 
4 73 74 (-1408 3348.640137 370.361023 ) (-1408 3348.640137 273.835999 ) (-1280 3348.640137 273.835999 ) (-1280 3348.640137 370.361023 ) 
4 74 75 (-1408 3298.409912 370.361023 ) (-1408 3298.409912 273.835999 ) (-1280 3298.409912 273.835999 ) (-1280 3298.409912 370.361023 ) 
4 76 77 (-1472 4096 273.835999 ) (-1472 3348.640137 273.835999 ) (-1472 3348.640137 466.885010 ) (-1472 4096 466.885010 ) 
4 77 80 (-1664 3097.459961 273.835999 ) (-1536 3097.459961 273.835999 ) (-1536 3097.459961 370.361023 ) (-1664 3097.459961 370.361023 ) 
4 77 78 (-1728 4051.959961 273.835999 ) (-1728 3851.010254 273.835999 ) (-1728 3851.010254 418.622986 ) (-1728 4051.959961 418.622986 ) 
4 78 79 (-1792 4051.959961 273.835999 ) (-1792 3851.010254 273.835999 ) (-1792 3851.010254 418.622986 ) (-1792 4051.959961 418.622986 ) 
4 79 85 (-2048 3097.459961 466.885010 ) (-2048 4096 466.885010 ) (-2048 4096 273.835999 ) (-2048 3097.459961 273.835999 ) 
4 80 97 (-1664 3072 370.361023 ) (-1664 3072 273.835999 ) (-1536 3072 273.835999 ) (-1536 3072 370.361023 ) 
4 81 83 (-1600 3951.479980 -15.737700 ) (-1088 3951.479980 -15.737700 ) (-1088 3951.479980 225.574020 ) (-1600 3951.479980 225.574020 ) 
4 82 92 (-2048 4096 129.048996 ) (-2048 4096 -15.737700 ) (-2048 4001.720215 -15.737700 ) (-2048 4001.720215 129.048996 ) 
4 82 91 (-2048 4001.720215 225.574020 ) (-2048 4096 225.574020 ) (-2048 4096 129.048996 ) (-2048 4001.720215 129.048996 ) 
4 83 98 (-1088 3072 225.574020 ) (-1984 3072 225.574020 ) (-1984 3072 -15.737700 ) (-1088 3072 -15.737700 ) 
4 84 151 (-3072 3072 466.885010 ) (-3072 3072 1383.869995 ) (-3072 4096 1383.869995 ) (-3072 4096 466.885010 ) 
4 84 110 (-3072 3072 1383.869995 ) (-3072 3072 466.885010 ) (-2048 3072 466.885010 ) (-2048 3072 1383.869995 ) 
4 84 90 (-3072 3097.459961 466.885010 ) (-3072 3398.879883 466.885010 ) (-2944 3398.879883 466.885010 ) (-2944 3097.459961 466.885010 ) 
4 84 89 (-3072 3449.120117 466.885010 ) (-3072 4096 466.885010 ) (-2944 4096 466.885010 ) (-2944 3449.120117 466.885010 ) 
4 84 88 (-2880 3097.459961 466.885010 ) (-2880 4096 466.885010 ) (-2432 4096 466.885010 ) (-2432 3097.459961 466.885010 ) 
4 84 86 (-2432 3097.459961 466.885010 ) (-2432 4096 466.885010 ) (-2304 4096 466.885010 ) (-2304 3097.459961 466.885010 ) 
4 84 85 (-2304 3097.459961 466.885010 ) (-2304 4096 466.885010 ) (-2048 4096 466.885010 ) (-2048 3097.459961 466.885010 ) 
4 85 86 (-2304 4096 273.835999 ) (-2304 3097.459961 273.835999 ) (-2304 3097.459961 466.885010 ) (-2304 4096 466.885010 ) 
4 86 88 (-2432 4096 273.835999 ) (-2432 3097.459961 273.835999 ) (-2432 3097.459961 466.885010 ) (-2432 4096 466.885010 ) 
4 86 87 (-2432 3097.459961 370.361023 ) (-2432 3097.459961 273.835999 ) (-2304 3097.459961 273.835999 ) (-2304 3097.459961 370.361023 ) 
4 87 111 (-2432 3072 273.835999 ) (-2304 3072 273.835999 ) (-2304 3072 370.361023 ) (-2432 3072 370.361023 ) 
4 89 152 (-3072 3449.120117 466.885010 ) (-3072 4096 466.885010 ) (-3072 4096 273.835999 ) (-3072 3449.120117 273.835999 ) 
4 90 177 (-3072 3097.459961 466.885010 ) (-3072 3248.169922 466.885010 ) (-3072 3248.169922 273.835999 ) (-3072 3097.459961 273.835999 ) 
4 90 164 (-3072 3248.169922 466.885010 ) (-3072 3398.879883 466.885010 ) (-3072 3398.879883 273.835999 ) (-3072 3248.169922 273.835999 ) 
4 91 93 (-2304 4001.720215 225.574020 ) (-2304 4096 225.574020 ) (-2304 4096 129.048996 ) (-2304 4001.720215 129.048996 ) 
4 91 92 (-2304 4001.720215 129.048996 ) (-2304 4096 129.048996 ) (-2048 4096 129.048996 ) (-2048 4001.720215 129.048996 ) 
4 92 115 (-2048 3072 -15.737700 ) (-2048 3072 129.048996 ) (-2304 3072 129.048996 ) (-2304 3072 -15.737700 ) 
4 92 95 (-2304 3072 -15.737700 ) (-2304 3072 129.048996 ) (-2304 3398.879883 129.048996 ) (-2304 3398.879883 -15.737700 ) 
4 92 93 (-2304 4001.720215 129.048996 ) (-2304 4096 129.048996 ) (-2304 4096 -15.737700 ) (-2304 4001.720215 -15.737700 ) 
4 93 159 (-3072 4001.720215 225.574020 ) (-3072 4096 225.574020 ) (-3072 4096 -15.737700 ) (-3072 4001.720215 -15.737700 ) 
4 94 160 (-3072 3449.120117 225.574020 ) (-3072 3951.479980 225.574020 ) (-3072 3951.479980 -15.737700 ) (-3072 3449.120117 -15.737700 ) 
4 95 180 (-3072 3072 -15.737700 ) (-3072 3072 129.048996 ) (-3072 3248.169922 129.048996 ) (-3072 3248.169922 -15.737700 ) 
4 95 165 (-3072 3248.169922 129.048996 ) (-3072 3398.879883 129.048996 ) (-3072 3398.879883 -15.737700 ) (-3072 3248.169922 -15.737700 ) 
4 95 115 (-3072 3072 129.048996 ) (-3072 3072 -15.737700 ) (-2304 3072 -15.737700 ) (-2304 3072 129.048996 ) 
4 96 110 (-2048 3072 1383.869995 ) (-2048 3072 466.885010 ) (-2048 3047.229980 466.885010 ) (-2048 3047.229980 1383.869995 ) 
4 96 99 (-1024 3047.229980 466.885010 ) (-1024 3047.229980 1383.869995 ) (-2048 3047.229980 1383.869995 ) (-2048 3047.229980 466.885010 ) 
4 97 100 (-1664 3047.229980 370.361023 ) (-1664 3047.229980 273.835999 ) (-1536 3047.229980 273.835999 ) (-1536 3047.229980 370.361023 ) 
4 98 105 (-1984 3047.229980 -15.737700 ) (-1088 3047.229980 -15.737700 ) (-1088 3047.229980 129.049011 ) (-1984 3047.229980 129.048996 ) 
4 99 122 (-1024 2048 466.885010 ) (-1024 2048 1383.869995 ) (-2048 2048 1383.869995 ) (-2048 2048 466.885010 ) 
4 99 110 (-2048 2048 466.885010 ) (-2048 2048 1383.869995 ) (-2048 3047.229980 1383.869995 ) (-2048 3047.229980 466.885010 ) 
4 99 109 (-1600 2048 466.885010 ) (-2048 2048 466.885010 ) (-2048 2193.199951 466.885010 ) (-1600 2193.199951 466.885010 ) 
4 99 108 (-1024 2243.439941 466.885010 ) (-1024 2048 466.885010 ) (-1600 2048 466.885010 ) (-1600 2243.439941 466.885010 ) 
4 99 103 (-1024 2846.280029 466.885010 ) (-1024 2243.439941 466.885010 ) (-1600 2243.439941 466.885010 ) (-1600 2846.280029 466.885010 ) 
4 99 104 (-1664 2243.439941 466.885010 ) (-2048 2243.439941 466.885010 ) (-2048 2846.280029 466.885010 ) (-1664 2846.280029 466.885010 ) 
4 99 101 (-2048 3047.229980 466.885010 ) (-1920 3047.229980 466.885010 ) (-1920 2896.520264 466.885010 ) (-2048 2896.520264 466.885010 ) 
4 99 100 (-1920 3047.229980 466.885010 ) (-1024 3047.229980 466.885010 ) (-1024 2896.520264 466.885010 ) (-1920 2896.520264 466.885010 ) 
4 100 101 (-1920 3047.229980 273.835999 ) (-1920 2896.520264 273.835999 ) (-1920 2896.520264 466.885010 ) (-1920 3047.229980 466.885010 ) 
4 101 112 (-2048 2896.520264 466.885010 ) (-2048 3047.229980 466.885010 ) (-2048 3047.229980 273.835999 ) (-2048 2896.520264 273.835999 ) 
4 101 102 (-2048 2896.520264 273.835999 ) (-1920 2896.520264 273.835999 ) (-1920 2896.520264 370.361023 ) (-2048 2896.520264 370.361023 ) 
4 102 104 (-2048 2846.280029 273.835999 ) (-1920 2846.280029 273.835999 ) (-1920 2846.280029 370.361023 ) (-2048 2846.280029 370.361023 ) 
4 103 108 (-1024 2243.439941 273.835999 ) (-1024 2243.439941 466.885010 ) (-1600 2243.439941 466.885010 ) (-1600 2243.439941 273.835999 ) 
4 103 107 (-1024 2243.439941 273.835999 ) (-1600 2243.439941 273.835999 ) (-1600 2846.280029 273.835999 ) (-1024 2846.280029 273.835999 ) 
4 104 113 (-2048 2243.439941 466.885010 ) (-2048 2846.280029 466.885010 ) (-2048 2846.280029 273.835999 ) (-2048 2243.439941 273.835999 ) 
4 105 107 (-1664 2846.280029 -15.737700 ) (-1024 2846.280029 -15.737700 ) (-1024 2846.280029 273.835938 ) (-1664 2846.280029 273.835938 ) 
4 105 106 (-1984 2846.280029 -15.737700 ) (-1984 2846.280029 273.835938 ) (-1984 2996.989990 165.247498 ) (-1984 2996.989990 -15.737700 ) 
4 106 116 (-2048 2996.989990 -15.737700 ) (-2048 2846.280029 -15.737700 ) (-2048 2846.280029 273.835999 ) (-2048 2996.989990 165.247559 ) 
4 107 108 (-1600 2243.439941 -15.737700 ) (-1024 2243.439941 -15.737700 ) (-1024 2243.439941 273.835999 ) (-1600 2243.439941 273.835999 ) 
4 108 122 (-1024 2048 -15.737700 ) (-1024 2048 466.885010 ) (-1600 2048 466.885010 ) (-1600 2048 -15.737700 ) 
4 108 109 (-1600 2193.199951 -15.737700 ) (-1600 2048 -15.737700 ) (-1600 2048 466.885010 ) (-1600 2193.199951 466.885010 ) 
4 109 122 (-1600 2048 466.885010 ) (-2048 2048 466.885010 ) (-2048 2048 -15.737700 ) (-1600 2048 -15.737700 ) 
4 109 120 (-2048 2048 -15.737700 ) (-2048 2048 273.835999 ) (-2048 2193.199951 273.835999 ) (-2048 2193.199951 -15.737700 ) 
4 109 114 (-2048 2048 273.835999 ) (-2048 2048 466.885010 ) (-2048 2193.199951 466.885010 ) (-2048 2193.199951 273.835999 ) 
4 110 194 (-3072 2048 466.885010 ) (-3072 2048 1383.869995 ) (-3072 3072 1383.869995 ) (-3072 3072 466.885010 ) 
4 110 123 (-3072 2048 1383.869995 ) (-3072 2048 466.885010 ) (-2048 2048 466.885010 ) (-2048 2048 1383.869995 ) 
4 110 113 (-3072 2243.439941 466.885010 ) (-3072 2846.280029 466.885010 ) (-2048 2846.280029 466.885010 ) (-2048 2243.439941 466.885010 ) 
4 110 114 (-2048 2048 466.885010 ) (-3072 2048 466.885010 ) (-3072 2193.199951 466.885010 ) (-2048 2193.199951 466.885010 ) 
4 110 112 (-3072 2896.520264 466.885010 ) (-3072 3047.229980 466.885010 ) (-2048 3047.229980 466.885010 ) (-2048 2896.520264 466.885010 ) 
4 111 112 (-2432 3047.229980 273.835999 ) (-2304 3047.229980 273.835999 ) (-2304 3047.229980 370.361023 ) (-2432 3047.229980 370.361023 ) 
4 112 196 (-3072 2896.520264 466.885010 ) (-3072 3047.229980 466.885010 ) (-3072 3047.229980 273.835999 ) (-3072 2896.520264 273.835999 ) 
4 113 197 (-3072 2243.439941 466.885010 ) (-3072 2846.280029 466.885010 ) (-3072 2846.280029 273.835999 ) (-3072 2243.439941 273.835999 ) 
4 113 119 (-2368 2243.439941 273.835999 ) (-3072 2243.439941 273.835999 ) (-3072 2544.860107 273.835999 ) (-2368 2544.860107 273.835999 ) 
4 113 118 (-2880 2544.860107 273.835999 ) (-3072 2544.860107 273.835999 ) (-3072 2846.280029 273.835999 ) (-2880 2846.280029 273.835999 ) 
4 113 117 (-2368 2544.860107 273.835999 ) (-2880 2544.860107 273.835999 ) (-2880 2846.280029 273.835999 ) (-2368 2846.280029 273.835999 ) 
4 114 198 (-3072 2048 273.835999 ) (-3072 2048 466.885010 ) (-3072 2193.199951 466.885010 ) (-3072 2193.199951 273.835999 ) 
4 114 123 (-3072 2048 466.885010 ) (-3072 2048 273.835999 ) (-2048 2048 273.835999 ) (-2048 2048 466.885010 ) 
4 114 120 (-2048 2193.199951 273.835999 ) (-2048 2048 273.835999 ) (-3072 2048 273.835999 ) (-3072 2193.199951 273.835999 ) 
4 115 202 (-3072 3072 129.048996 ) (-3072 3072 -15.737700 ) (-3072 3047.229980 -15.737700 ) (-3072 3047.229980 129.048996 ) 
4 115 118 (-3072 3047.229980 -15.737700 ) (-2880 3047.229980 -15.737700 ) (-2880 3047.229980 129.048996 ) (-3072 3047.229980 129.048996 ) 
4 115 117 (-2880 3047.229980 -15.737700 ) (-2368 3047.229980 -15.737700 ) (-2368 3047.229980 129.048996 ) (-2880 3047.229980 129.048996 ) 
3 117 119 (-2368 2544.860107 273.835999 ) (-2880 2544.860107 273.835999 ) (-2880 2544.860107 129.048996 ) 
6 117 118 (-2880 3047.229980 129.048996 ) (-2880 3047.229980 -15.737700 ) (-2880 2896.520020 -15.737700 ) (-2880 2544.860107 129.049026 ) (-2880 2544.860107 273.835999 ) (-2880 2846.280029 273.835999 ) 
4 118 204 (-3072 3047.229980 129.048996 ) (-3072 3047.229980 -15.737700 ) (-3072 2896.520020 -15.737700 ) (-3072 2544.860107 129.049026 ) 
4 118 203 (-3072 2544.860107 273.835999 ) (-3072 2846.280029 273.835999 ) (-3072 3047.229980 129.048996 ) (-3072 2544.860107 129.049026 ) 
4 118 119 (-2880 2544.860107 129.049026 ) (-2880 2544.860107 273.835999 ) (-3072 2544.860107 273.835999 ) (-3072 2544.860107 129.049011 ) 
4 119 203 (-3072 2243.439941 273.835999 ) (-3072 2544.860107 273.835999 ) (-3072 2544.860107 129.048996 ) (-3072 2243.439941 129.048996 ) 
4 120 205 (-3072 2048 -15.737700 ) (-3072 2048 273.835999 ) (-3072 2193.199951 273.835999 ) (-3072 2193.199951 -15.737700 ) 
4 120 123 (-3072 2048 273.835999 ) (-3072 2048 -15.737700 ) (-2048 2048 -15.737700 ) (-2048 2048 273.835999 ) 
4 121 122 (-1024 2048 1383.869995 ) (-1024 2048 -15.737700 ) (-1024 1099.180054 -15.737700 ) (-1024 1099.180054 1383.869995 ) 
4 122 123 (-2048 2048 1383.869995 ) (-2048 2048 -15.737700 ) (-2048 1099.180054 -15.737700 ) (-2048 1099.180054 1383.869995 ) 
4 123 211 (-3072 1099.180054 1383.869995 ) (-3072 2048 1383.869995 ) (-3072 2048 -15.737700 ) (-3072 1099.180054 -15.737700 ) 
4 124 139 (-3072 5120 -15.737700 ) (-3072 5120 225.574020 ) (-4096 5120 225.574020 ) (-4096 5120 -15.737700 ) 
4 124 137 (-3776 5120 466.885010 ) (-4096 5120 466.885010 ) (-4096 5120 225.574020 ) (-3776 5120 225.574020 ) 
4 124 136 (-3712 5120 466.885010 ) (-3776 5120 466.885010 ) (-3776 5120 225.574020 ) (-3712 5120 225.574020 ) 
4 124 135 (-3712 5120 273.835999 ) (-3712 5120 225.574020 ) (-3456 5120 225.574020 ) (-3456 5120 273.835999 ) 
4 124 134 (-3456 5120 225.574020 ) (-3328 5120 225.574020 ) (-3328 5120 273.835999 ) (-3456 5120 273.835999 ) 
4 124 132 (-3328 5120 466.885010 ) (-3392 5120 466.885010 ) (-3392 5120 273.835999 ) (-3328 5120 273.835999 ) 
4 124 133 (-3392 5120 466.885010 ) (-3712 5120 466.885010 ) (-3712 5120 273.835999 ) (-3392 5120 273.835999 ) 
4 124 131 (-3072 5120 225.574020 ) (-3072 5120 273.835999 ) (-3328 5120 273.835999 ) (-3328 5120 225.574020 ) 
4 124 127 (-3072 5120 273.835999 ) (-3072 5120 466.885010 ) (-3328 5120 466.885010 ) (-3328 5120 273.835999 ) 
4 124 126 (-3072 5120 466.885010 ) (-3072 5120 1383.869995 ) (-4096 5120 1383.869995 ) (-4096 5120 466.885010 ) 
4 124 125 (-4096 5748.819824 -15.737700 ) (-4096 5120 -15.737700 ) (-4096 5120 1383.869995 ) (-4096 5748.819824 1383.869995 ) 
4 125 147 (-5120 5120 -15.737700 ) (-5120 5120 1383.869995 ) (-5120 5748.819824 1383.869995 ) (-5120 5748.819824 -15.737700 ) 
4 125 145 (-4224 5120 -15.737700 ) (-4160 5120 -15.737700 ) (-4160 5120 466.885010 ) (-4224 5120 466.885010 ) 
4 125 146 (-5120 5120 466.885010 ) (-5120 5120 -15.737700 ) (-4224 5120 -15.737700 ) (-4224 5120 466.885010 ) 
4 125 144 (-5120 5120 1383.869995 ) (-5120 5120 466.885010 ) (-4160 5120 466.885010 ) (-4160 5120 1383.869995 ) 
4 125 142 (-4160 5120 -15.737700 ) (-4096 5120 -15.737700 ) (-4096 5120 466.885010 ) (-4160 5120 466.885010 ) 
4 125 141 (-4096 5120 466.885010 ) (-4096 5120 1383.869995 ) (-4160 5120 1383.869995 ) (-4160 5120 466.885010 ) 
4 126 151 (-3072 4096 466.885010 ) (-3072 4096 1383.869995 ) (-4096 4096 1383.869995 ) (-4096 4096 466.885010 ) 
4 126 141 (-4096 5120 1383.869995 ) (-4096 5120 466.885010 ) (-4096 4096 466.885010 ) (-4096 4096 1383.869995 ) 
4 126 137 (-4096 4202.669922 466.885010 ) (-4096 5120 466.885010 ) (-3776 5120 466.885010 ) (-3776 4202.669922 466.885010 ) 
4 126 138 (-3776 4096 466.885010 ) (-4096 4096 466.885010 ) (-4096 4152.430664 466.885010 ) (-3776 4152.430664 466.885010 ) 
4 126 136 (-3776 4202.669922 466.885010 ) (-3776 5120 466.885010 ) (-3712 5120 466.885010 ) (-3712 4202.669922 466.885010 ) 
4 126 132 (-3392 4855.740234 466.885010 ) (-3392 5120 466.885010 ) (-3328 5120 466.885010 ) (-3328 4855.740234 466.885010 ) 
4 126 133 (-3392 4096 466.885010 ) (-3712 4096 466.885010 ) (-3712 5120 466.885010 ) (-3392 5120 466.885010 ) 
4 126 129 (-3328 4650.870117 466.885010 ) (-3328 4654.790039 466.885010 ) (-3072 4654.790039 466.885010 ) (-3072 4650.870117 466.885010 ) 
4 126 130 (-3072 4096 466.885010 ) (-3328 4096 466.885010 ) (-3328 4650.870117 466.885010 ) (-3072 4650.870117 466.885010 ) 
4 126 128 (-3328 4654.790039 466.885010 ) (-3328 4805.500000 466.885010 ) (-3072 4805.500000 466.885010 ) (-3072 4654.790039 466.885010 ) 
4 126 127 (-3328 4855.740234 466.885010 ) (-3328 5120 466.885010 ) (-3072 5120 466.885010 ) (-3072 4855.740234 466.885010 ) 
4 127 132 (-3328 4855.740234 466.885010 ) (-3328 5120 466.885010 ) (-3328 5120 273.835999 ) (-3328 4855.740234 273.835999 ) 
4 127 131 (-3328 4855.740234 273.835999 ) (-3328 5120 273.835999 ) (-3072 5120 273.835999 ) (-3072 4855.740234 273.835999 ) 
4 128 129 (-3328 4654.790039 466.885010 ) (-3328 4654.790039 350 ) (-3072 4654.790039 350 ) (-3072 4654.790039 466.885010 ) 
4 129 130 (-3328 4650.870117 466.885010 ) (-3328 4650.870117 350 ) (-3072 4650.870117 350 ) (-3072 4650.870117 466.885010 ) 
4 130 152 (-3072 4096 273.835999 ) (-3072 4096 466.885010 ) (-3328 4096 466.885010 ) (-3328 4096 273.835999 ) 
4 131 139 (-3328 5120 225.574020 ) (-3072 5120 225.574020 ) (-3072 4855.740234 225.574020 ) (-3328 4855.740234 225.574020 ) 
4 131 134 (-3328 5120 225.574020 ) (-3328 4855.740234 225.574020 ) (-3328 4855.740234 273.835999 ) (-3328 5120 273.835999 ) 
4 132 134 (-3392 5120 273.835999 ) (-3328 5120 273.835999 ) (-3328 4855.740234 273.835999 ) (-3392 4855.740234 273.835999 ) 
4 132 133 (-3392 5120 273.835999 ) (-3392 4855.740234 273.835999 ) (-3392 4855.740234 466.885010 ) (-3392 5120 466.885010 ) 
4 133 154 (-3392 4096 466.885010 ) (-3456 4096 466.885010 ) (-3456 4096 273.835999 ) (-3392 4096 273.835999 ) 
4 133 156 (-3456 4096 466.885010 ) (-3712 4096 466.885010 ) (-3712 4096 273.835999 ) (-3456 4096 273.835999 ) 
4 133 136 (-3712 4202.669922 466.885010 ) (-3712 5120 466.885010 ) (-3712 5120 273.835999 ) (-3712 4202.669922 273.835999 ) 
4 133 135 (-3712 4202.669922 273.835999 ) (-3712 5120 273.835999 ) (-3456 5120 273.835999 ) (-3456 4202.669922 273.835999 ) 
4 133 134 (-3456 5120 273.835999 ) (-3392 5120 273.835999 ) (-3392 4855.740234 273.835999 ) (-3456 4855.740234 273.835999 ) 
4 134 139 (-3456 5120 225.574020 ) (-3328 5120 225.574020 ) (-3328 4855.740234 225.574020 ) (-3456 4855.740234 225.574020 ) 
4 134 135 (-3456 5120 225.574020 ) (-3456 4855.740234 225.574020 ) (-3456 4855.740234 273.835999 ) (-3456 5120 273.835999 ) 
4 135 139 (-3712 5120 225.574020 ) (-3456 5120 225.574020 ) (-3456 4202.669922 225.574020 ) (-3712 4202.669922 225.574020 ) 
4 135 136 (-3712 5120 225.574020 ) (-3712 4202.669922 225.574020 ) (-3712 4202.669922 273.835999 ) (-3712 5120 273.835999 ) 
4 136 139 (-3776 5120 225.574020 ) (-3712 5120 225.574020 ) (-3712 4202.669922 225.574020 ) (-3776 4202.669922 225.574020 ) 
4 136 137 (-3776 5120 225.574020 ) (-3776 4202.669922 225.574020 ) (-3776 4202.669922 466.885010 ) (-3776 5120 466.885010 ) 
4 137 142 (-4096 5120 466.885010 ) (-4096 5120 225.574020 ) (-4096 4202.669922 225.574020 ) (-4096 4202.669922 466.885010 ) 
4 137 139 (-4096 5120 225.574020 ) (-3776 5120 225.574020 ) (-3776 4202.669922 225.574020 ) (-4096 4202.669922 225.574020 ) 
4 138 163 (-4068.833496 4096 466.885010 ) (-4096 4096 466.885010 ) (-4096 4096 225.574020 ) (-4068.833496 4096 225.574020 ) 
4 138 161 (-3776 4096 466.885010 ) (-4068.833496 4096 466.885010 ) (-4068.833496 4096 225.574020 ) (-3776 4096 225.574020 ) 
4 138 143 (-4096 4152.430664 225.574020 ) (-4096 4096 225.574020 ) (-4096 4096 466.885010 ) (-4096 4152.430664 466.885010 ) 
4 138 140 (-3776 4152.430664 225.574020 ) (-3776 4096 225.574020 ) (-4096 4096 225.574020 ) (-4096 4152.430664 225.574020 ) 
4 139 142 (-4096 5120 225.574020 ) (-4096 5120 -15.737700 ) (-4096 4202.669922 -15.737700 ) (-4096 4202.669922 225.574020 ) 
4 140 163 (-4068.833496 4096 225.574020 ) (-4096 4096 225.574020 ) (-4096 4096 -15.737700 ) (-4068.833496 4096 -15.737700 ) 
4 140 161 (-3776 4096 225.574020 ) (-4068.833496 4096 225.574020 ) (-4068.833496 4096 -15.737700 ) (-3776 4096 -15.737700 ) 
4 140 159 (-3072 4096 -15.737700 ) (-3072 4096 225.574020 ) (-3776 4096 225.574020 ) (-3776 4096 -15.737700 ) 
4 140 143 (-4096 4152.430664 -15.737700 ) (-4096 4096 -15.737700 ) (-4096 4096 225.574020 ) (-4096 4152.430664 225.574020 ) 
4 141 185 (-4096 4096 466.885010 ) (-4096 4096 1383.869995 ) (-4159.666992 4096 1383.869995 ) (-4159.666992 4096 466.885010 ) 
4 141 186 (-4159.666992 4096 1383.869995 ) (-4160 4096 1383.869995 ) (-4160 4096 466.885010 ) (-4159.666992 4096 466.885010 ) 
4 141 144 (-4160 5120 1383.869995 ) (-4160 5120 466.885010 ) (-4160 4096 466.885010 ) (-4160 4096 1383.869995 ) 
4 141 142 (-4160 4202.669922 466.885010 ) (-4160 5120 466.885010 ) (-4096 5120 466.885010 ) (-4096 4202.669922 466.885010 ) 
4 141 143 (-4160 4096 466.885010 ) (-4160 4152.430664 466.885010 ) (-4096 4152.430664 466.885010 ) (-4096 4096 466.885010 ) 
4 142 145 (-4160 5120 466.885010 ) (-4160 5120 -15.737700 ) (-4160 4202.669922 -15.737700 ) (-4160 4202.669922 466.885010 ) 
4 143 185 (-4096 4096 -15.737700 ) (-4096 4096 466.885010 ) (-4159.666992 4096 466.885010 ) (-4159.666992 4096 -15.737700 ) 
4 143 186 (-4159.666992 4096 466.885010 ) (-4160 4096 466.885010 ) (-4160 4096 -15.737700 ) (-4159.666992 4096 -15.737700 ) 
4 144 189 (-5120 4096 1383.869995 ) (-5120 4096 466.885010 ) (-4160 4096 466.885010 ) (-4160 4096 1383.869995 ) 
4 144 148 (-5120 4096 466.885010 ) (-5120 4096 1383.869995 ) (-5120 5120 1383.869995 ) (-5120 5120 466.885010 ) 
4 144 145 (-4224 5120 466.885010 ) (-4160 5120 466.885010 ) (-4160 4202.669922 466.885010 ) (-4224 4202.669922 466.885010 ) 
4 144 146 (-5120 4096 466.885010 ) (-5120 5120 466.885010 ) (-4224 5120 466.885010 ) (-4224 4096 466.885010 ) 
4 145 146 (-4224 5120 -15.737700 ) (-4224 4202.669922 -15.737700 ) (-4224 4202.669922 466.885010 ) (-4224 5120 466.885010 ) 
4 146 190 (-5120 4096 466.885010 ) (-5120 4096 -15.737700 ) (-4224 4096 -15.737700 ) (-4224 4096 466.885010 ) 
4 146 148 (-5120 4096 -15.737700 ) (-5120 4096 466.885010 ) (-5120 5120 466.885010 ) (-5120 5120 -15.737700 ) 
4 147 149 (-6144 5120 -15.737700 ) (-6144 5120 1383.869995 ) (-6144 5748.819824 1383.869995 ) (-6144 5748.819824 -15.737700 ) 
4 147 148 (-5120 5120 -15.737700 ) (-5120 5120 1383.869995 ) (-6144 5120 1383.869995 ) (-6144 5120 -15.737700 ) 
4 148 213 (-5120 4096 -15.737700 ) (-5120 4096 1383.869995 ) (-6144 4096 1383.869995 ) (-6144 4096 -15.737700 ) 
4 148 150 (-6144 4096 -15.737700 ) (-6144 4096 1383.869995 ) (-6144 5120 1383.869995 ) (-6144 5120 -15.737700 ) 
4 149 150 (-6144 5120 -15.737700 ) (-6144 5120 1383.869995 ) (-6834.419922 5120 1383.869995 ) (-6834.419922 5120 -15.737700 ) 
4 150 215 (-6144 4096 -15.737700 ) (-6144 4096 1383.869995 ) (-6834.419922 4096 1383.869995 ) (-6834.419922 4096 -15.737700 ) 
4 151 194 (-3072 3072 466.885010 ) (-3072 3072 1383.869995 ) (-4096 3072 1383.869995 ) (-4096 3072 466.885010 ) 
4 151 191 (-4096 3197.940186 1383.869995 ) (-4096 3248.169922 1383.869995 ) (-4096 3248.169922 466.885010 ) (-4096 3197.940186 466.885010 ) 
4 151 192 (-4096 3072 466.885010 ) (-4096 3072 1383.869995 ) (-4096 3197.940186 1383.869995 ) (-4096 3197.940186 466.885010 ) 
4 151 187 (-4096 3248.169922 1383.869995 ) (-4096 3348.640137 1383.869995 ) (-4096 3348.640137 466.885010 ) (-4096 3248.169922 466.885010 ) 
4 151 185 (-4096 3348.640137 1383.869995 ) (-4096 4096 1383.869995 ) (-4096 4096 466.885010 ) (-4096 3348.640137 466.885010 ) 
4 151 181 (-3392 3072 466.885010 ) (-4096 3072 466.885010 ) (-4096 3197.940186 466.885010 ) (-3392 3197.940186 466.885010 ) 
4 151 179 (-3328 3097.459961 466.885010 ) (-3328 3248.169922 466.885010 ) (-3200 3248.169922 466.885010 ) (-3200 3097.459961 466.885010 ) 
4 151 177 (-3200 3097.459961 466.885010 ) (-3200 3248.169922 466.885010 ) (-3072 3248.169922 466.885010 ) (-3072 3097.459961 466.885010 ) 
4 151 174 (-4096 3248.169922 466.885010 ) (-4096 3348.640137 466.885010 ) (-4032 3348.640137 466.885010 ) (-4032 3248.169922 466.885010 ) 
4 151 173 (-4096 3348.640137 466.885010 ) (-4096 3398.879883 466.885010 ) (-4068.833496 3398.879883 466.885010 ) (-4068.833496 3348.640137 466.885010 ) 
4 151 171 (-4068.833496 3398.879883 466.885010 ) (-4032 3398.879883 466.885010 ) (-4032 3348.640137 466.885010 ) (-4068.833496 3348.640137 466.885010 ) 
4 151 170 (-3456 3320.910156 466.885010 ) (-3456 3248.169922 466.885010 ) (-4032 3248.169922 466.885010 ) (-4032 3320.910156 466.885010 ) 
4 151 168 (-4032 3398.879883 466.885010 ) (-3456 3398.879883 466.885010 ) (-3456 3320.910156 466.885010 ) (-4032 3320.910156 466.885010 ) 
4 151 166 (-3456 3398.879883 466.885010 ) (-3392 3398.879883 466.885010 ) (-3392 3248.169922 466.885010 ) (-3456 3248.169922 466.885010 ) 
4 151 164 (-3392 3398.879883 466.885010 ) (-3072 3398.879883 466.885010 ) (-3072 3248.169922 466.885010 ) (-3392 3248.169922 466.885010 ) 
4 151 163 (-4096 3398.879883 466.885010 ) (-4096 4096 466.885010 ) (-4068.833496 4096 466.885010 ) (-4068.833496 3398.879883 466.885010 ) 
4 151 161 (-4068.833496 4096 466.885010 ) (-3776 4096 466.885010 ) (-3776 3398.879883 466.885010 ) (-4068.833496 3398.879883 466.885010 ) 
4 151 154 (-3456 4096 466.885010 ) (-3392 4096 466.885010 ) (-3392 4051.959961 466.885010 ) (-3456 4051.959961 466.885010 ) 
4 151 155 (-3392 3650.060059 466.885010 ) (-3392 3449.120117 466.885010 ) (-3456 3449.120117 466.885010 ) (-3456 3650.060059 466.885010 ) 
4 151 156 (-3712 4096 466.885010 ) (-3456 4096 466.885010 ) (-3456 3449.120117 466.885010 ) (-3712 3449.120117 466.885010 ) 
4 151 153 (-3328 4001.720215 466.885010 ) (-3328 3700.300293 466.885010 ) (-3392 3700.300293 466.885010 ) (-3392 4001.720215 466.885010 ) 
4 151 152 (-3328 4096 466.885010 ) (-3072 4096 466.885010 ) (-3072 3449.120117 466.885010 ) (-3328 3449.120117 466.885010 ) 
4 152 157 (-3200 3449.120117 273.835999 ) (-3072 3449.120117 273.835999 ) (-3072 3449.120117 370.361023 ) (-3200 3449.120117 370.361023 ) 
4 152 153 (-3328 4001.720215 273.835999 ) (-3328 3700.300293 273.835999 ) (-3328 3700.300293 466.885010 ) (-3328 4001.720215 466.885010 ) 
4 154 156 (-3456 4096 273.835999 ) (-3456 4051.959961 273.835999 ) (-3456 4051.959961 466.885010 ) (-3456 4096 466.885010 ) 
4 155 156 (-3456 3650.060059 273.835999 ) (-3456 3449.120117 273.835999 ) (-3456 3449.120117 466.885010 ) (-3456 3650.060059 466.885010 ) 
4 156 158 (-3456 3951.479980 273.835999 ) (-3456 3449.120117 273.835999 ) (-3712 3449.120117 273.835999 ) (-3712 3951.479980 273.835999 ) 
4 157 164 (-3072 3398.879883 273.835999 ) (-3072 3398.879883 370.361023 ) (-3200 3398.879883 370.361023 ) (-3200 3398.879883 273.835999 ) 
4 158 160 (-3712 3449.120117 225.574020 ) (-3712 3951.479980 225.574020 ) (-3456 3951.479980 225.574020 ) (-3456 3449.120117 225.574020 ) 
4 159 161 (-3776 4096 -15.737700 ) (-3776 4001.720215 -15.737700 ) (-3776 4001.720215 225.574020 ) (-3776 4096 225.574020 ) 
4 161 171 (-4032 3398.879883 466.885010 ) (-4068.833496 3398.879883 466.885010 ) (-4068.833496 3398.879883 -15.737700 ) (-4032 3398.879883 -15.737700 ) 
4 161 168 (-3776 3398.879883 466.885010 ) (-4032 3398.879883 466.885010 ) (-4032 3398.879883 -15.737700 ) (-3776 3398.879883 -15.737700 ) 
5 161 163 (-4068.833496 4096 -15.737700 ) (-4068.833496 4001.720215 -15.737700 ) (-4068.833496 3398.879883 162.460266 ) (-4068.833496 3398.879883 466.885010 ) (-4068.833496 4096 466.885010 ) 
3 161 162 (-4068.833496 3966.004639 -15.737700 ) (-4068.833496 3398.879883 -15.737700 ) (-4068.833496 3398.879883 151.903198 ) 
3 162 184 (-4096 3398.879883 -15.737700 ) (-4096 3398.879883 151.903198 ) (-4096 3966.004639 -15.737700 ) 
4 162 172 (-4096 3398.879883 151.903198 ) (-4096 3398.879883 -15.737700 ) (-4068.833496 3398.879883 -15.737700 ) (-4068.833496 3398.879883 151.903198 ) 
5 163 185 (-4096 3398.879883 162.460266 ) (-4096 3398.879883 466.885010 ) (-4096 4096 466.885010 ) (-4096 4096 -15.737700 ) (-4096 4001.720215 -15.737700 ) 
4 163 173 (-4068.833496 3398.879883 466.885010 ) (-4096 3398.879883 466.885010 ) (-4096 3398.879883 162.460266 ) (-4068.833496 3398.879883 162.460266 ) 
4 164 179 (-3200 3248.169922 466.885010 ) (-3328 3248.169922 466.885010 ) (-3328 3248.169922 273.835999 ) (-3200 3248.169922 273.835999 ) 
4 164 177 (-3072 3248.169922 273.835999 ) (-3072 3248.169922 466.885010 ) (-3200 3248.169922 466.885010 ) (-3200 3248.169922 273.835999 ) 
4 164 166 (-3392 3398.879883 466.885010 ) (-3392 3398.879883 273.835999 ) (-3392 3248.169922 273.835999 ) (-3392 3248.169922 466.885010 ) 
4 165 180 (-3072 3248.169922 -15.737700 ) (-3072 3248.169922 129.048996 ) (-3264 3248.169922 129.048996 ) (-3264 3248.169922 -15.737700 ) 
4 165 167 (-3392 3398.879883 129.048996 ) (-3392 3398.879883 -15.737700 ) (-3392 3248.169922 -15.737700 ) (-3392 3248.169922 129.048996 ) 
4 166 170 (-3456 3320.910156 273.835999 ) (-3456 3248.169922 273.835999 ) (-3456 3248.169922 466.885010 ) (-3456 3320.910156 466.885010 ) 
4 166 168 (-3456 3398.879883 466.885010 ) (-3456 3398.879883 273.835999 ) (-3456 3320.910156 273.835999 ) (-3456 3320.910156 466.885010 ) 
4 167 169 (-3456 3320.910156 -15.737700 ) (-3456 3248.169922 -15.737700 ) (-3456 3248.169922 129.048996 ) (-3456 3320.910156 129.048996 ) 
4 167 168 (-3456 3398.879883 129.048996 ) (-3456 3398.879883 -15.737700 ) (-3456 3320.910156 -15.737700 ) (-3456 3320.910156 129.048996 ) 
4 168 175 (-4032 3321.169922 177.312500 ) (-4032 3348.640137 177.312500 ) (-4032 3348.640137 166 ) (-4032 3321.169922 166 ) 
4 168 174 (-4032 3320.910156 177.312500 ) (-4032 3320.910156 466.885010 ) (-4032 3348.640137 466.885010 ) (-4032 3348.640137 177.312500 ) 
4 168 176 (-4032 3348.640137 -15.737700 ) (-4032 3320.910156 -15.737700 ) (-4032 3320.910156 166 ) (-4032 3348.640137 166 ) 
4 168 171 (-4032 3398.879883 466.885010 ) (-4032 3398.879883 -15.737700 ) (-4032 3348.640137 -15.737700 ) (-4032 3348.640137 466.885010 ) 
4 168 170 (-4032 3320.910156 466.885010 ) (-4032 3320.910156 177.311005 ) (-3456 3320.910156 273.836029 ) (-3456 3320.910156 466.885010 ) 
4 168 169 (-4032 3320.910156 166.041016 ) (-4032 3320.910156 -15.737700 ) (-3456 3320.910156 -15.737700 ) (-3456 3320.910156 261.489716 ) 
4 169 176 (-4032 3320.910156 -15.737700 ) (-4032 3248.169922 -15.737700 ) (-4032 3248.169922 166.041031 ) (-4032 3320.910156 166.041016 ) 
4 170 174 (-4032 3248.169922 177.311005 ) (-4032 3248.169922 466.885010 ) (-4032 3320.910156 466.885010 ) (-4032 3320.910156 177.311005 ) 
4 171 175 (-4032 3348.640137 166 ) (-4032 3348.640137 177.312500 ) (-4068.833496 3348.640137 177.312500 ) (-4068.833496 3348.640137 166 ) 
4 171 174 (-4032 3348.640137 177.312500 ) (-4032 3348.640137 466.885010 ) (-4068.833496 3348.640137 466.885010 ) (-4068.833496 3348.640137 177.312500 ) 
4 171 176 (-4032 3348.640137 -15.737700 ) (-4032 3348.640137 166 ) (-4068.833496 3348.640137 166 ) (-4068.833496 3348.640137 -15.737700 ) 
4 171 173 (-4068.833496 3398.879883 466.885010 ) (-4068.833496 3398.879883 162.460266 ) (-4068.833496 3348.640137 177.310898 ) (-4068.833496 3348.640137 466.885010 ) 
4 171 172 (-4068.833496 3398.879883 151.903198 ) (-4068.833496 3398.879883 -15.737700 ) (-4068.833496 3348.640137 -15.737700 ) (-4068.833496 3348.640137 166.753952 ) 
4 172 184 (-4096 3348.640137 -15.737700 ) (-4096 3348.640137 166.753952 ) (-4096 3398.879883 151.903198 ) (-4096 3398.879883 -15.737700 ) 
4 172 176 (-4096 3348.640137 166 ) (-4096 3348.640137 -15.737700 ) (-4068.833496 3348.640137 -15.737700 ) (-4068.833496 3348.640137 166 ) 
4 173 185 (-4096 3348.640137 177.310898 ) (-4096 3348.640137 466.885010 ) (-4096 3398.879883 466.885010 ) (-4096 3398.879883 162.460266 ) 
4 173 174 (-4068.833496 3348.640137 466.885010 ) (-4096 3348.640137 466.885010 ) (-4096 3348.640137 177.310883 ) (-4068.833496 3348.640137 177.310898 ) 
4 174 187 (-4096 3248.169922 177.312500 ) (-4096 3248.169922 466.885010 ) (-4096 3348.640137 466.885010 ) (-4096 3348.640137 177.312500 ) 
3 174 175 (-4069 3348.640137 177.312500 ) (-4032 3348.640137 177.312500 ) (-4032 3321.169678 177.312500 ) 
3 175 176 (-4069 3348.640137 166 ) (-4032 3348.640137 166 ) (-4032 3321.169678 166 ) 
4 176 188 (-4096 3248.169922 -15.737700 ) (-4096 3248.169922 166 ) (-4096 3348.640137 166 ) (-4096 3348.640137 -15.737700 ) 
4 177 179 (-3200 3248.169922 466.885010 ) (-3200 3248.169922 273.835999 ) (-3200 3097.459961 273.835999 ) (-3200 3097.459961 466.885010 ) 
4 177 178 (-3200 3097.459961 370.361023 ) (-3200 3097.459961 273.835999 ) (-3072 3097.459961 273.835999 ) (-3072 3097.459961 370.361023 ) 
4 178 195 (-3072 3072 273.835999 ) (-3072 3072 370.361023 ) (-3200 3072 370.361023 ) (-3200 3072 273.835999 ) 
4 180 202 (-3072 3072 -15.737700 ) (-3072 3072 129.048996 ) (-3264 3072 129.048996 ) (-3264 3072 -15.737700 ) 
4 181 201 (-3392 3072 466.885010 ) (-4096 3072 466.885010 ) (-4096 3072 273.835999 ) (-3392 3072 273.835999 ) 
4 181 192 (-4096 3072 273.835999 ) (-4096 3072 466.885010 ) (-4096 3197.940186 466.885010 ) (-4096 3197.940186 273.835999 ) 
4 181 183 (-4096 3072 273.835999 ) (-4096 3197.940186 273.835999 ) (-3392 3197.940186 273.835999 ) (-3392 3072 273.835999 ) 
4 182 206 (-3392 3072 -15.737700 ) (-3328 3072 -15.737700 ) (-3328 3072 129.048996 ) (-3392 3072 129.048996 ) 
4 182 183 (-3392 3197.940186 -15.737700 ) (-3392 3072 -15.737700 ) (-3392 3072 129.048996 ) (-3392 3197.940186 129.048996 ) 
4 183 209 (-4096 3072 273.835999 ) (-4096 3072 -15.737700 ) (-3392 3072 -15.737700 ) (-3392 3072 273.835999 ) 
4 183 192 (-4096 3072 -15.737700 ) (-4096 3072 273.835999 ) (-4096 3197.940186 273.835999 ) (-4096 3197.940186 -15.737700 ) 
4 184 188 (-4159.666992 3348.640137 -15.737700 ) (-4096 3348.640137 -15.737700 ) (-4096 3348.640137 166 ) (-4159.666992 3348.640137 166 ) 
3 184 186 (-4159.666992 3966.004639 -15.737700 ) (-4159.666992 3348.640137 -15.737700 ) (-4159.666992 3348.640137 166.753952 ) 
4 185 187 (-4096 3348.640137 177.310898 ) (-4096 3348.640137 1383.869995 ) (-4159.666992 3348.640137 1383.869995 ) (-4159.666992 3348.640137 177.310791 ) 
5 185 186 (-4159.666992 4096 -15.737700 ) (-4159.666992 4001.720215 -15.737700 ) (-4159.666992 3348.640137 177.310898 ) (-4159.666992 3348.640137 1383.869995 ) (-4159.666992 4096 1383.869995 ) 
4 186 189 (-4160 4096 1383.869995 ) (-4160 4096 466.885010 ) (-4160 3348.640137 466.885010 ) (-4160 3348.640137 1383.869995 ) 
4 186 187 (-4160 3348.640137 1383.869995 ) (-4160 3348.640137 177.312500 ) (-4159.666992 3348.640137 177.312500 ) (-4159.666992 3348.640137 1383.869995 ) 
4 186 188 (-4160 3348.640137 166 ) (-4160 3348.640137 -15.737700 ) (-4159.666992 3348.640137 -15.737700 ) (-4159.666992 3348.640137 166 ) 
4 187 191 (-4096 3248.169922 466.885010 ) (-4096 3248.169922 1383.869995 ) (-4160 3248.169922 1383.869995 ) (-4160 3248.169922 466.885010 ) 
4 187 189 (-4160 3248.169922 466.885010 ) (-4160 3248.169922 1383.869995 ) (-4160 3348.640137 1383.869995 ) (-4160 3348.640137 466.885010 ) 
4 189 213 (-5120 4096 1383.869995 ) (-5120 4096 466.885010 ) (-5120 3248.169922 466.885010 ) (-5120 3248.169922 1383.869995 ) 
4 189 191 (-4160 3248.169922 466.885010 ) (-4160 3248.169922 1383.869995 ) (-4224 3248.169922 1383.869995 ) (-4224 3248.169922 466.885010 ) 
4 189 193 (-4224 3248.169922 1383.869995 ) (-5120 3248.169922 1383.869995 ) (-5120 3248.169922 466.885010 ) (-4224 3248.169922 466.885010 ) 
4 189 190 (-5120 4096 466.885010 ) (-4224 4096 466.885010 ) (-4224 3248.169922 466.885010 ) (-5120 3248.169922 466.885010 ) 
4 190 213 (-5120 4096 466.885010 ) (-5120 4096 -15.737700 ) (-5120 3248.169922 -15.737700 ) (-5120 3248.169922 466.885010 ) 
4 190 193 (-5120 3248.169922 -15.737700 ) (-4224 3248.169922 -15.737700 ) (-4224 3248.169922 466.885010 ) (-5120 3248.169922 466.885010 ) 
4 191 192 (-4224 3197.940186 1383.869995 ) (-4224 3197.940186 466.885010 ) (-4096 3197.940186 466.885010 ) (-4096 3197.940186 1383.869995 ) 
4 191 193 (-4224 3197.940186 1383.869995 ) (-4224 3248.169922 1383.869995 ) (-4224 3248.169922 466.885010 ) (-4224 3197.940186 466.885010 ) 
4 192 210 (-4224 3072 -15.737700 ) (-4096 3072 -15.737700 ) (-4096 3072 1383.869995 ) (-4224 3072 1383.869995 ) 
4 192 193 (-4224 3072 1383.869995 ) (-4224 3197.940186 1383.869995 ) (-4224 3197.940186 -15.737700 ) (-4224 3072 -15.737700 ) 
4 193 213 (-5120 3248.169922 -15.737700 ) (-5120 3072 -15.737700 ) (-5120 3072 1383.869995 ) (-5120 3248.169922 1383.869995 ) 
4 193 210 (-5120 3072 1383.869995 ) (-5120 3072 -15.737700 ) (-4224 3072 -15.737700 ) (-4224 3072 1383.869995 ) 
4 194 211 (-3072 2048 466.885010 ) (-3072 2048 1383.869995 ) (-4096 2048 1383.869995 ) (-4096 2048 466.885010 ) 
4 194 210 (-4096 3072 1383.869995 ) (-4096 3072 466.885010 ) (-4096 2048 466.885010 ) (-4096 2048 1383.869995 ) 
4 194 200 (-3328 2846.280029 466.885010 ) (-3328 2048 466.885010 ) (-3392 2048 466.885010 ) (-3392 2846.280029 466.885010 ) 
4 194 201 (-4096 3072 466.885010 ) (-3392 3072 466.885010 ) (-3392 2048 466.885010 ) (-4096 2048 466.885010 ) 
4 194 199 (-3264 2048 466.885010 ) (-3328 2048 466.885010 ) (-3328 2193.199951 466.885010 ) (-3264 2193.199951 466.885010 ) 
4 194 197 (-3072 2846.280029 466.885010 ) (-3072 2243.439941 466.885010 ) (-3264 2243.439941 466.885010 ) (-3264 2846.280029 466.885010 ) 
4 194 198 (-3072 2193.199951 466.885010 ) (-3072 2048 466.885010 ) (-3264 2048 466.885010 ) (-3264 2193.199951 466.885010 ) 
4 194 196 (-3072 3047.229980 466.885010 ) (-3072 2896.520264 466.885010 ) (-3328 2896.520264 466.885010 ) (-3328 3047.229980 466.885010 ) 
4 195 196 (-3200 3047.229980 273.835999 ) (-3072 3047.229980 273.835999 ) (-3072 3047.229980 370.361023 ) (-3200 3047.229980 370.361023 ) 
4 197 203 (-3264 2243.439941 273.835999 ) (-3264 2846.280029 273.835999 ) (-3072 2846.280029 273.835999 ) (-3072 2243.439941 273.835999 ) 
4 198 211 (-3072 2048 273.835999 ) (-3072 2048 466.885010 ) (-3264 2048 466.885010 ) (-3264 2048 273.835999 ) 
4 198 205 (-3072 2048 273.835999 ) (-3264 2048 273.835999 ) (-3264 2193.199951 273.835999 ) (-3072 2193.199951 273.835999 ) 
4 198 199 (-3264 2193.199951 273.835999 ) (-3264 2048 273.835999 ) (-3264 2048 466.885010 ) (-3264 2193.199951 466.885010 ) 
4 199 211 (-3264 2048 466.885010 ) (-3328 2048 466.885010 ) (-3328 2048 273.835999 ) (-3264 2048 273.835999 ) 
4 199 207 (-3264 2048 273.835999 ) (-3328 2048 273.835999 ) (-3328 2193.199951 273.835999 ) (-3264 2193.199951 273.835999 ) 
4 199 200 (-3328 2193.199951 273.835999 ) (-3328 2048 273.835999 ) (-3328 2048 466.885010 ) (-3328 2193.199951 466.885010 ) 
4 200 211 (-3328 2048 466.885010 ) (-3392 2048 466.885010 ) (-3392 2048 273.835999 ) (-3328 2048 273.835999 ) 
4 200 208 (-3328 2048 273.835999 ) (-3392 2048 273.835999 ) (-3392 2846.280029 273.835999 ) (-3328 2846.280029 273.835999 ) 
4 200 201 (-3392 2846.280029 273.835999 ) (-3392 2048 273.835999 ) (-3392 2048 466.885010 ) (-3392 2846.280029 466.885010 ) 
4 201 211 (-3392 2048 466.885010 ) (-4096 2048 466.885010 ) (-4096 2048 273.835999 ) (-3392 2048 273.835999 ) 
4 201 210 (-4096 3072 466.885010 ) (-4096 3072 273.835999 ) (-4096 2048 273.835999 ) (-4096 2048 466.885010 ) 
4 201 209 (-3392 2048 273.835999 ) (-4096 2048 273.835999 ) (-4096 3072 273.835999 ) (-3392 3072 273.835999 ) 
4 202 204 (-3264 3047.229980 129.048996 ) (-3264 3047.229980 -15.737700 ) (-3072 3047.229980 -15.737700 ) (-3072 3047.229980 129.048996 ) 
4 203 204 (-3264 2544.860107 129.048996 ) (-3264 3047.226563 129.048996 ) (-3072 3047.226563 129.048996 ) (-3072 2544.860107 129.048996 ) 
4 205 211 (-3072 2048 -15.737700 ) (-3072 2048 273.835999 ) (-3264 2048 273.835999 ) (-3264 2048 -15.737700 ) 
4 205 207 (-3264 2048 -15.737700 ) (-3264 2048 273.835999 ) (-3264 2193.199951 273.835999 ) (-3264 2193.199951 -15.737700 ) 
4 206 208 (-3392 3047.229980 129.048996 ) (-3392 3047.229980 -15.737700 ) (-3328 3047.229980 -15.737700 ) (-3328 3047.229980 129.048996 ) 
4 206 209 (-3392 3072 -15.737700 ) (-3392 3047.229980 -15.737700 ) (-3392 3047.229980 129.048996 ) (-3392 3072 129.048996 ) 
4 207 211 (-3264 2048 -15.737700 ) (-3264 2048 273.835999 ) (-3328 2048 273.835999 ) (-3328 2048 -15.737700 ) 
4 207 208 (-3328 2193.199951 -15.737700 ) (-3328 2048 -15.737700 ) (-3328 2048 273.835999 ) (-3328 2193.199951 273.835999 ) 
4 208 211 (-3328 2048 273.835999 ) (-3392 2048 273.835999 ) (-3392 2048 -15.737700 ) (-3328 2048 -15.737700 ) 
5 208 209 (-3392 3047.229980 -15.737700 ) (-3392 2048 -15.737700 ) (-3392 2048 273.835999 ) (-3392 2846.280029 273.835999 ) (-3392 3047.229980 129.048996 ) 
4 209 211 (-3392 2048 273.835999 ) (-4096 2048 273.835999 ) (-4096 2048 -15.737700 ) (-3392 2048 -15.737700 ) 
4 209 210 (-4096 3072 273.835999 ) (-4096 3072 -15.737700 ) (-4096 2048 -15.737700 ) (-4096 2048 273.835999 ) 
4 210 214 (-5120 2048 -15.737700 ) (-5120 2048 1383.869995 ) (-5120 3072 1383.869995 ) (-5120 3072 -15.737700 ) 
4 210 212 (-4096 2048 -15.737700 ) (-4096 2048 1383.869995 ) (-5120 2048 1383.869995 ) (-5120 2048 -15.737700 ) 
4 211 212 (-4096 1099.180054 1383.869995 ) (-4096 2048 1383.869995 ) (-4096 2048 -15.737700 ) (-4096 1099.180054 -15.737700 ) 
4 212 217 (-5120 1099.180054 1383.869995 ) (-5120 2048 1383.869995 ) (-5120 2048 -15.737700 ) (-5120 1099.180054 -15.737700 ) 
4 213 215 (-6144 4096 1383.869995 ) (-6144 4096 -15.737700 ) (-6144 3072 -15.737700 ) (-6144 3072 1383.869995 ) 
4 213 214 (-5120 3072 -15.737700 ) (-5120 3072 1383.869995 ) (-6144 3072 1383.869995 ) (-6144 3072 -15.737700 ) 
4 214 217 (-5120 2048 -15.737700 ) (-5120 2048 1383.869995 ) (-6144 2048 1383.869995 ) (-6144 2048 -15.737700 ) 
4 214 216 (-6144 2048 -15.737700 ) (-6144 2048 1383.869995 ) (-6144 3072 1383.869995 ) (-6144 3072 -15.737700 ) 
4 215 216 (-6144 3072 -15.737700 ) (-6144 3072 1383.869995 ) (-6834.419922 3072 1383.869995 ) (-6834.419922 3072 -15.737700 ) 
4 216 218 (-6144 2048 -15.737700 ) (-6144 2048 1383.869995 ) (-6834.419922 2048 1383.869995 ) (-6834.419922 2048 -15.737700 ) 
4 217 218 (-6144 2048 1383.869995 ) (-6144 2048 -15.737700 ) (-6144 1099.180054 -15.737700 ) (-6144 1099.180054 1383.869995 ) 
