


materialPath: D:\Program Files (x86)\Steam\steamapps\common\Counter-Strike Global Offensive\csgo\materials
Loading C:\Users\lukea\Desktop\modeling stuff\CSGO custom stuff\Maps\cs_centre\cs_centre.vmf
Map revision 2
Patching WVT material: maps/cs_centre/dev/dev_blendmeasure_wvt_patch
fixing up env_cubemap materials on brush sides...
0...1...2...3...4...5...6...7...8...9...100...1...2...3...4...5...6...7...8...9...10Processing areas...done (0)
Building Faces...done (0)
FixTjuncs...
PruneNodes...
WriteBSP...
done (0)
writing C:\Users\lukea\Desktop\modeling stuff\CSGO custom stuff\Maps\cs_centre\cs_centre.prt...Building visibility clusters...
AutoVisClustering (threshold=-1) matched 0 leafs.
done (0)
Finding displacement neighbors...
Finding lightmap sample positions...
Displacement Alpha : 0...1...2...3...4...5...6...7...8...9...10
Building Physics collision data...
done (0) (2313 bytes)
Placing detail props : 0...1...2...3...4...5...6...7...8...9...10
Compacting texture/material tables...
Reduced 6 texinfos to 3
Reduced 2 texdatas to 1 (67 bytes to 46)
Writing C:\Users\lukea\Desktop\modeling stuff\CSGO custom stuff\Maps\cs_centre\cs_centre.bsp
MSG_FILEWRITE - Filesystem was asked to write to 'c:\users\lukea\desktop\modeling stuff\csgo custom stuff\maps\cs_centre\cs_centre.bsp', but we don't own that location. Allowing...
1 second elapsed



4 threads
reading c:\users\lukea\desktop\modeling stuff\csgo custom stuff\maps\cs_centre\cs_centre.bsp
reading c:\users\lukea\desktop\modeling stuff\csgo custom stuff\maps\cs_centre\cs_centre.prt
  49 portalclusters
  84 numportals
0...1...2...3...4...5...6...7...8...9...100...1...2...3...4...5...6...7...8...9...10Optimized: 0 visible clusters (0.00%)
Total clusters visible: 2401
Average clusters visible: 49
Building PAS...
Average clusters audible: 49
visdatasize:1082  compressed from 784
writing c:\users\lukea\desktop\modeling stuff\csgo custom stuff\maps\cs_centre\cs_centre.bsp
MSG_FILEWRITE - Filesystem was asked to write to 'c:\users\lukea\desktop\modeling stuff\csgo custom stuff\maps\cs_centre\cs_centre.bsp', but we don't own that location. Allowing...
0 seconds elapsed



[Reading texlights from 'lights.rad']
[17 texlights parsed from 'lights.rad']

Loading c:\users\lukea\desktop\modeling stuff\csgo custom stuff\maps\cs_centre\cs_centre.bsp
980 faces
848189 square feet [122139232.00 square inches]
0 Displacements
0 Square Feet [0.00 Square Inches]
980 patches before subdivision
69936 patches after subdivision
0 direct lights
0...1...2...3...4...5...6...7...8...9...100...1...2...3...4...5...6...7...8...9...10transfers 29132401, max 1110
transfer lists: 222.3 megs
0...1...2...3...4...5...6...7...8...9...10	Bounce #1 added RGB(0, 0, 0)
Build Patch/Sample Hash Table(s).....Done<0.0313 sec>
0...1...2...3...4...5...6...7...8...9...10FinalLightFace Done
0 of 0 (0% of) surface lights went in leaf ambient cubes.
0...1...2...3...4...5...6...7...8...9...10Writing leaf ambient...done
Ready to Finish

Object names       Objects/Maxobjs  Memory / Maxmem  Fullness 
------------       ---------------  ---------------  -------- 
models                   1/1024           48/49152    ( 0.1%) 
brushes                  6/8192           72/98304    ( 0.1%) 
brushsides              36/81920         288/655360   ( 0.0%) 
planes                  60/65536        1200/1310720  ( 0.1%) 
vertexes              1043/65536       12516/786432   ( 1.6%) 
nodes                  198/65536        6336/2097152  ( 0.3%) 
texinfos                 3/12288         216/884736   ( 0.0%) 
texdata                  1/4096           32/131072   ( 0.0%) 
dispinfos                0/0               0/0        ( 0.0%) 
disp_verts               0/0               0/0        ( 0.0%) 
disp_tris                0/0               0/0        ( 0.0%) 
disp_multiblend          0/0               0/0        ( 0.0%) 
disp_lmsamples           0/0               0/0        ( 0.0%) 
faces                  980/65536       54880/3670016  ( 1.5%) 
hdr faces                0/65536           0/3670016  ( 0.0%) 
origfaces                6/65536         336/3670016  ( 0.0%) 
facebrushes              0/0               0/0        ( 0.0%) 
facebrushlists         980/0            3920/0        ( 0.0%) 
leaves                 200/65536        6400/2097152  ( 0.3%) 
leaffaces              980/65536        1960/131072   ( 1.5%) 
leafbrushes            126/65536         252/131072   ( 0.2%) 
areas                    2/1024           16/8192     ( 0.2%) 
surfedges             4032/512000      16128/2048000  ( 0.8%) 
edges                 2029/256000       8116/1024000  ( 0.8%) 
LDR worldlights          0/8192            0/819200   ( 0.0%) 
HDR worldlights          0/8192            0/819200   ( 0.0%) 
leafwaterdata            0/32768           0/393216   ( 0.0%) 
waterstrips              0/32768           0/327680   ( 0.0%) 
waterverts               0/65536           0/786432   ( 0.0%) 
waterindices             0/65536           0/131072   ( 0.0%) 
cubemapsamples           0/1024            0/16384    ( 0.0%) 
overlays                 0/1024            0/360448   ( 0.0%) 
LDR lightdata         [variable]     4330880/0        ( 0.0%) 
HDR lightdata         [variable]           0/0        ( 0.0%) 
visdata               [variable]        1082/16777216 ( 0.0%) 
entdata               [variable]         470/393216   ( 0.1%) 
LDR ambient table      200/65536         800/262144   ( 0.3%) 
HDR ambient table      200/65536         800/262144   ( 0.3%) 
LDR leaf ambient        49/65536        1372/1835008  ( 0.1%) 
HDR leaf ambient       200/65536        5600/1835008  ( 0.3%) 
occluders                0/0               0/0        ( 0.0%) 
occluder polygons        0/0               0/0        ( 0.0%) 
occluder vert ind        0/0               0/0        ( 0.0%) 
detail props          [variable]           1/12       ( 8.3%) 
static props          [variable]           1/222      ( 0.5%) 
pakfile               [variable]       74769/0        ( 0.0%) 
physics               [variable]        2313/4194304  ( 0.1%) 
physics terrain       [variable]           2/1048576  ( 0.0%) 

Level flags = 7c

Total triangle count: 2048
Writing c:\users\lukea\desktop\modeling stuff\csgo custom stuff\maps\cs_centre\cs_centre.bsp
MSG_FILEWRITE - Filesystem was asked to write to 'c:\users\lukea\desktop\modeling stuff\csgo custom stuff\maps\cs_centre\cs_centre.bsp', but we don't own that location. Allowing...
3 seconds elapsed



materialPath: D:\Program Files (x86)\Steam\steamapps\common\Counter-Strike Global Offensive\csgo\materials
Loading C:\Users\lukea\Desktop\modeling stuff\CSGO custom stuff\Maps\cs_centre\cs_centre.vmf
Map revision 3
Patching WVT material: maps/cs_centre/dev/dev_blendmeasure_wvt_patch
fixing up env_cubemap materials on brush sides...
0...1...2...3...4...5...6...7...8...9...100...1...2...3...4...5...6...7...8...9...10Processing areas...done (0)
Building Faces...done (0)
FixTjuncs...
PruneNodes...
WriteBSP...
done (0)
writing C:\Users\lukea\Desktop\modeling stuff\CSGO custom stuff\Maps\cs_centre\cs_centre.prt...Building visibility clusters...
AutoVisClustering (threshold=-1) matched 0 leafs.
done (0)
Finding displacement neighbors...
Finding lightmap sample positions...
Displacement Alpha : 0...1...2...3...4...5...6...7...8...9...10
Building Physics collision data...
done (0) (7304 bytes)
Placing detail props : 0...1...2...3...4...5...6...7...8...9...10
Compacting texture/material tables...
Reduced 9 texinfos to 6
Reduced 3 texdatas to 2 (89 bytes to 68)
Writing C:\Users\lukea\Desktop\modeling stuff\CSGO custom stuff\Maps\cs_centre\cs_centre.bsp
MSG_FILEWRITE - Filesystem was asked to write to 'c:\users\lukea\desktop\modeling stuff\csgo custom stuff\maps\cs_centre\cs_centre.bsp', but we don't own that location. Allowing...
1 second elapsed



4 threads
reading c:\users\lukea\desktop\modeling stuff\csgo custom stuff\maps\cs_centre\cs_centre.bsp
reading c:\users\lukea\desktop\modeling stuff\csgo custom stuff\maps\cs_centre\cs_centre.prt
  77 portalclusters
 141 numportals
0...1...2...3...4...5...6...7...8...9...100...1...2...3...4...5...6...7...8...9...10Optimized: 0 visible clusters (0.00%)
Total clusters visible: 4853
Average clusters visible: 63
Building PAS...
Average clusters audible: 77
visdatasize:2161  compressed from 2464
writing c:\users\lukea\desktop\modeling stuff\csgo custom stuff\maps\cs_centre\cs_centre.bsp
MSG_FILEWRITE - Filesystem was asked to write to 'c:\users\lukea\desktop\modeling stuff\csgo custom stuff\maps\cs_centre\cs_centre.bsp', but we don't own that location. Allowing...
0 seconds elapsed



[Reading texlights from 'lights.rad']
[17 texlights parsed from 'lights.rad']

Loading c:\users\lukea\desktop\modeling stuff\csgo custom stuff\maps\cs_centre\cs_centre.bsp
1138 faces
935457 square feet [134705808.00 square inches]
0 Displacements
0 Square Feet [0.00 Square Inches]
1138 patches before subdivision
81084 patches after subdivision
2 direct lights
0...1...2...3...4...5...6...7...8...9...100...1...2...3...4...5...6...7...8...9...10transfers 30747643, max 1119
transfer lists: 234.6 megs
0...1...2...3...4...5...6...7...8...9...10	Bounce #1 added RGB(8962, 2985, 695)
0...1...2...3...4...5...6...7...8...9...10	Bounce #2 added RGB(5717, 662, 37)
0...1...2...3...4...5...6...7...8...9...10	Bounce #3 added RGB(3971, 149, 2)
0...1...2...3...4...5...6...7...8...9...10	Bounce #4 added RGB(2799, 33, 0)
0...1...2...3...4...5...6...7...8...9...10	Bounce #5 added RGB(2018, 7, 0)
0...1...2...3...4...5...6...7...8...9...10	Bounce #6 added RGB(1473, 2, 0)
0...1...2...3...4...5...6...7...8...9...10	Bounce #7 added RGB(1084, 0, 0)
0...1...2...3...4...5...6...7...8...9...10	Bounce #8 added RGB(803, 0, 0)
0...1...2...3...4...5...6...7...8...9...10	Bounce #9 added RGB(597, 0, 0)
0...1...2...3...4...5...6...7...8...9...10	Bounce #10 added RGB(445, 0, 0)
0...1...2...3...4...5...6...7...8...9...10	Bounce #11 added RGB(332, 0, 0)
0...1...2...3...4...5...6...7...8...9...10	Bounce #12 added RGB(248, 0, 0)
0...1...2...3...4...5...6...7...8...9...10	Bounce #13 added RGB(186, 0, 0)
0...1...2...3...4...5...6...7...8...9...10	Bounce #14 added RGB(139, 0, 0)
0...1...2...3...4...5...6...7...8...9...10	Bounce #15 added RGB(104, 0, 0)
0...1...2...3...4...5...6...7...8...9...10	Bounce #16 added RGB(78, 0, 0)
0...1...2...3...4...5...6...7...8...9...10	Bounce #17 added RGB(58, 0, 0)
0...1...2...3...4...5...6...7...8...9...10	Bounce #18 added RGB(44, 0, 0)
0...1...2...3...4...5...6...7...8...9...10	Bounce #19 added RGB(33, 0, 0)
0...1...2...3...4...5...6...7...8...9...10	Bounce #20 added RGB(24, 0, 0)
0...1...2...3...4...5...6...7...8...9...10	Bounce #21 added RGB(18, 0, 0)
0...1...2...3...4...5...6...7...8...9...10	Bounce #22 added RGB(14, 0, 0)
0...1...2...3...4...5...6...7...8...9...10	Bounce #23 added RGB(10, 0, 0)
0...1...2...3...4...5...6...7...8...9...10	Bounce #24 added RGB(8, 0, 0)
0...1...2...3...4...5...6...7...8...9...10	Bounce #25 added RGB(6, 0, 0)
0...1...2...3...4...5...6...7...8...9...10	Bounce #26 added RGB(4, 0, 0)
0...1...2...3...4...5...6...7...8...9...10	Bounce #27 added RGB(3, 0, 0)
0...1...2...3...4...5...6...7...8...9...10	Bounce #28 added RGB(2, 0, 0)
0...1...2...3...4...5...6...7...8...9...10	Bounce #29 added RGB(2, 0, 0)
0...1...2...3...4...5...6...7...8...9...10	Bounce #30 added RGB(1, 0, 0)
0...1...2...3...4...5...6...7...8...9...10	Bounce #31 added RGB(1, 0, 0)
0...1...2...3...4...5...6...7...8...9...10	Bounce #32 added RGB(1, 0, 0)
Build Patch/Sample Hash Table(s).....Done<0.0349 sec>
0...1...2...3...4...5...6...7...8...9...10FinalLightFace Done
0 of 0 (0% of) surface lights went in leaf ambient cubes.
0...1...2...3...4...5...6...7...8...9...10Writing leaf ambient...done
Ready to Finish

Object names       Objects/Maxobjs  Memory / Maxmem  Fullness 
------------       ---------------  ---------------  -------- 
models                   1/1024           48/49152    ( 0.1%) 
brushes                 20/8192          240/98304    ( 0.2%) 
brushsides             120/81920         960/655360   ( 0.1%) 
planes                  94/65536        1880/1310720  ( 0.1%) 
vertexes              1282/65536       15384/786432   ( 2.0%) 
nodes                  269/65536        8608/2097152  ( 0.4%) 
texinfos                 6/12288         432/884736   ( 0.0%) 
texdata                  2/4096           64/131072   ( 0.0%) 
dispinfos                0/0               0/0        ( 0.0%) 
disp_verts               0/0               0/0        ( 0.0%) 
disp_tris                0/0               0/0        ( 0.0%) 
disp_multiblend          0/0               0/0        ( 0.0%) 
disp_lmsamples           0/0               0/0        ( 0.0%) 
faces                 1138/65536       63728/3670016  ( 1.7%) 
hdr faces                0/65536           0/3670016  ( 0.0%) 
origfaces               48/65536        2688/3670016  ( 0.1%) 
facebrushes            101/0             202/0        ( 0.0%) 
facebrushlists        1138/0            4552/0        ( 0.0%) 
leaves                 271/65536        8672/2097152  ( 0.4%) 
leaffaces             1162/65536        2324/131072   ( 1.8%) 
leafbrushes            169/65536         338/131072   ( 0.3%) 
areas                    2/1024           16/8192     ( 0.2%) 
surfedges             4958/512000      19832/2048000  ( 1.0%) 
edges                 2545/256000      10180/1024000  ( 1.0%) 
LDR worldlights          2/8192          200/819200   ( 0.0%) 
HDR worldlights          0/8192            0/819200   ( 0.0%) 
leafwaterdata            0/32768           0/393216   ( 0.0%) 
waterstrips             21/32768         210/327680   ( 0.1%) 
waterverts               0/65536           0/786432   ( 0.0%) 
waterindices           267/65536         534/131072   ( 0.4%) 
cubemapsamples           0/1024            0/16384    ( 0.0%) 
overlays                 0/1024            0/360448   ( 0.0%) 
LDR lightdata         [variable]     4770656/0        ( 0.0%) 
HDR lightdata         [variable]           0/0        ( 0.0%) 
visdata               [variable]        2161/16777216 ( 0.0%) 
entdata               [variable]        1132/393216   ( 0.3%) 
LDR ambient table      271/65536        1084/262144   ( 0.4%) 
HDR ambient table      271/65536        1084/262144   ( 0.4%) 
LDR leaf ambient       382/65536       10696/1835008  ( 0.6%) 
HDR leaf ambient       271/65536        7588/1835008  ( 0.4%) 
occluders                0/0               0/0        ( 0.0%) 
occluder polygons        0/0               0/0        ( 0.0%) 
occluder vert ind        0/0               0/0        ( 0.0%) 
detail props          [variable]           1/12       ( 8.3%) 
static props          [variable]           1/222      ( 0.5%) 
pakfile               [variable]       74769/0        ( 0.0%) 
physics               [variable]        7304/4194304  ( 0.2%) 
physics terrain       [variable]           2/1048576  ( 0.0%) 

Level flags = 7c

Total triangle count: 2490
Writing c:\users\lukea\desktop\modeling stuff\csgo custom stuff\maps\cs_centre\cs_centre.bsp
MSG_FILEWRITE - Filesystem was asked to write to 'c:\users\lukea\desktop\modeling stuff\csgo custom stuff\maps\cs_centre\cs_centre.bsp', but we don't own that location. Allowing...
7 seconds elapsed
